[ 2015-12-28T21:10:29+08:00 ] ::1 /YDesigner/index.php
INFO: [ app_init ] --START--
INFO: Run Behavior\BuildLiteBehavior [ RunTime:0.000026s ]
INFO: [ app_init ] --END-- [ RunTime:0.003839s ]
INFO: [ app_begin ] --START--
INFO: Run Behavior\ReadHtmlCacheBehavior [ RunTime:0.001258s ]
INFO: [ app_begin ] --END-- [ RunTime:0.001452s ]

[ 2015-12-28T21:10:29+08:00 ] ::1 /YDesigner/index.php/Login/index.html
INFO: [ app_init ] --START--
INFO: Run Behavior\BuildLiteBehavior [ RunTime:0.000032s ]
INFO: [ app_init ] --END-- [ RunTime:0.001206s ]
INFO: [ app_begin ] --START--
INFO: Run Behavior\ReadHtmlCacheBehavior [ RunTime:0.001459s ]
INFO: [ app_begin ] --END-- [ RunTime:0.001613s ]
INFO: [ view_parse ] --START--
INFO: [ template_filter ] --START--
INFO: Run Behavior\ContentReplaceBehavior [ RunTime:0.001124s ]
INFO: [ template_filter ] --END-- [ RunTime:0.001274s ]
INFO: Run Behavior\ParseTemplateBehavior [ RunTime:0.141831s ]
INFO: [ view_parse ] --END-- [ RunTime:0.142030s ]
INFO: [ view_filter ] --START--
INFO: Run Behavior\WriteHtmlCacheBehavior [ RunTime:0.001862s ]
INFO: [ view_filter ] --END-- [ RunTime:0.001966s ]
INFO: [ app_end ] --START--
INFO: Run Behavior\ShowPageTraceBehavior [ RunTime:0.001834s ]
INFO: [ app_end ] --END-- [ RunTime:0.001941s ]

[ 2015-12-28T21:11:41+08:00 ] ::1 /YDesigner/index.php/Login/login.html
INFO: [ app_init ] --START--
INFO: Run Behavior\BuildLiteBehavior [ RunTime:0.000030s ]
INFO: [ app_init ] --END-- [ RunTime:0.001254s ]
INFO: [ app_begin ] --START--
INFO: Run Behavior\ReadHtmlCacheBehavior [ RunTime:0.001508s ]
INFO: [ app_begin ] --END-- [ RunTime:0.001652s ]
SQL: SHOW COLUMNS FROM `yd_user` [ RunTime:0.1567s ]
SQL: SELECT * FROM `yd_user` WHERE ( username='admin' and password='gnh02n2leqiyp3Kus3R3cw' )  [ RunTime:0.0460s ]
SQL: UPDATE `yd_user` SET `last_login_time`='1451308301' WHERE ( id='3' ) [ RunTime:0.1946s ]

[ 2015-12-28T21:11:42+08:00 ] ::1 /YDesigner/index.php/Index/index.html
INFO: [ app_init ] --START--
INFO: Run Behavior\BuildLiteBehavior [ RunTime:0.000032s ]
INFO: [ app_init ] --END-- [ RunTime:0.001161s ]
INFO: [ app_begin ] --START--
INFO: Run Behavior\ReadHtmlCacheBehavior [ RunTime:0.001454s ]
INFO: [ app_begin ] --END-- [ RunTime:0.001609s ]
SQL: SHOW COLUMNS FROM `yd_article` [ RunTime:0.0458s ]
SQL: SELECT COUNT(*) AS tp_count FROM `yd_article` LIMIT 1   [ RunTime:0.0445s ]
SQL: SHOW COLUMNS FROM `yd_user` [ RunTime:0.0456s ]
SQL: SELECT COUNT(*) AS tp_count FROM `yd_user` LIMIT 1   [ RunTime:0.0452s ]
SQL: SHOW COLUMNS FROM `yd_app` [ RunTime:0.0458s ]
SQL: SELECT COUNT(*) AS tp_count FROM `yd_app` LIMIT 1   [ RunTime:0.0446s ]
INFO: [ view_parse ] --START--
INFO: [ template_filter ] --START--
INFO: Run Behavior\ContentReplaceBehavior [ RunTime:0.000244s ]
INFO: [ template_filter ] --END-- [ RunTime:0.000363s ]
INFO: Run Behavior\ParseTemplateBehavior [ RunTime:0.176663s ]
INFO: [ view_parse ] --END-- [ RunTime:0.176788s ]
INFO: [ view_filter ] --START--
INFO: Run Behavior\WriteHtmlCacheBehavior [ RunTime:0.001280s ]
INFO: [ view_filter ] --END-- [ RunTime:0.001382s ]
INFO: [ app_end ] --START--
INFO: Run Behavior\ShowPageTraceBehavior [ RunTime:0.001832s ]
INFO: [ app_end ] --END-- [ RunTime:0.001936s ]

[ 2015-12-28T21:11:46+08:00 ] ::1 /YDesigner/index.php/App/index.html?_=1451308306075
INFO: [ app_init ] --START--
INFO: Run Behavior\BuildLiteBehavior [ RunTime:0.000120s ]
INFO: [ app_init ] --END-- [ RunTime:0.001640s ]
INFO: [ app_begin ] --START--
INFO: Run Behavior\ReadHtmlCacheBehavior [ RunTime:0.001439s ]
INFO: [ app_begin ] --END-- [ RunTime:0.001564s ]
SQL: SHOW COLUMNS FROM `yd_app` [ RunTime:0.0448s ]
SQL: SELECT COUNT(*) AS tp_count FROM `yd_app` WHERE yd_app.name LIKE '%%' AND yd_app.user_id = '3' LIMIT 1   [ RunTime:0.0486s ]
SQL: SELECT yd_app.id,yd_app.name,yd_app.code,yd_user.name user_name,yd_app.create_time,yd_app.comment FROM `yd_app` inner join yd_user on yd_user.id=yd_app.user_id  WHERE yd_app.name LIKE '%%' AND yd_app.user_id = '3' ORDER BY yd_app.id LIMIT 0,100   [ RunTime:0.0446s ]
INFO: [ view_parse ] --START--
INFO: [ template_filter ] --START--
INFO: Run Behavior\ContentReplaceBehavior [ RunTime:0.000161s ]
INFO: [ template_filter ] --END-- [ RunTime:0.000267s ]
INFO: Run Behavior\ParseTemplateBehavior [ RunTime:0.059213s ]
INFO: [ view_parse ] --END-- [ RunTime:0.059343s ]
INFO: [ view_filter ] --START--
INFO: Run Behavior\WriteHtmlCacheBehavior [ RunTime:0.001243s ]
INFO: [ view_filter ] --END-- [ RunTime:0.001335s ]
INFO: [ app_end ] --START--
INFO: Run Behavior\ShowPageTraceBehavior [ RunTime:0.001762s ]
INFO: [ app_end ] --END-- [ RunTime:0.001865s ]

[ 2015-12-28T21:11:49+08:00 ] ::1 /YDesigner/index.php/App/design/app_id/1
INFO: [ app_init ] --START--
INFO: Run Behavior\BuildLiteBehavior [ RunTime:0.000032s ]
INFO: [ app_init ] --END-- [ RunTime:0.001325s ]
INFO: [ app_begin ] --START--
INFO: Run Behavior\ReadHtmlCacheBehavior [ RunTime:0.001534s ]
INFO: [ app_begin ] --END-- [ RunTime:0.001689s ]

[ 2015-12-28T21:11:50+08:00 ] ::1 /YDesigner/index.php/Design/index/app_id/1.html
INFO: [ app_init ] --START--
INFO: Run Behavior\BuildLiteBehavior [ RunTime:0.000033s ]
INFO: [ app_init ] --END-- [ RunTime:0.001275s ]
INFO: [ app_begin ] --START--
INFO: Run Behavior\ReadHtmlCacheBehavior [ RunTime:0.001502s ]
INFO: [ app_begin ] --END-- [ RunTime:0.001653s ]
SQL: SHOW COLUMNS FROM `yd_app` [ RunTime:0.0454s ]
SQL: SELECT * FROM `yd_app` WHERE ( id='1' )  [ RunTime:0.0438s ]
SQL: SELECT * FROM `yd_app` WHERE ( id='1' )  [ RunTime:0.0437s ]
SQL: SHOW COLUMNS FROM `yd_menu` [ RunTime:0.0445s ]
SQL: SELECT * FROM `yd_menu` WHERE ( id<>'1' )  [ RunTime:0.0454s ]
INFO: [ view_parse ] --START--
INFO: [ template_filter ] --START--
INFO: Run Behavior\ContentReplaceBehavior [ RunTime:0.000350s ]
INFO: [ template_filter ] --END-- [ RunTime:0.000463s ]
INFO: Run Behavior\ParseTemplateBehavior [ RunTime:0.043357s ]
INFO: [ view_parse ] --END-- [ RunTime:0.043477s ]
INFO: [ view_filter ] --START--
INFO: Run Behavior\WriteHtmlCacheBehavior [ RunTime:0.001190s ]
INFO: [ view_filter ] --END-- [ RunTime:0.001287s ]
INFO: [ app_end ] --START--
INFO: Run Behavior\ShowPageTraceBehavior [ RunTime:0.001691s ]
INFO: [ app_end ] --END-- [ RunTime:0.001804s ]

[ 2015-12-28T21:11:51+08:00 ] ::1 /YDesigner/index.php/Design/mainMenu.html?app_id=1&_=1451308310673
INFO: [ app_init ] --START--
INFO: Run Behavior\BuildLiteBehavior [ RunTime:0.000033s ]
INFO: [ app_init ] --END-- [ RunTime:0.001352s ]
INFO: [ app_begin ] --START--
INFO: Run Behavior\ReadHtmlCacheBehavior [ RunTime:0.001453s ]
INFO: [ app_begin ] --END-- [ RunTime:0.001582s ]
SQL: SHOW COLUMNS FROM `yd_app` [ RunTime:0.0463s ]
SQL: SELECT * FROM `yd_app` WHERE ( id='1' )  [ RunTime:0.0463s ]
SQL: SHOW COLUMNS FROM `yd_menu` [ RunTime:0.0461s ]
SQL: SELECT * FROM `yd_menu` WHERE ( id<>'1' and left(code,locate('_',code)-1)='qxj' )  [ RunTime:0.0466s ]
INFO: [ view_parse ] --START--
INFO: [ template_filter ] --START--
INFO: Run Behavior\ContentReplaceBehavior [ RunTime:0.000080s ]
INFO: [ template_filter ] --END-- [ RunTime:0.000181s ]
INFO: Run Behavior\ParseTemplateBehavior [ RunTime:0.048552s ]
INFO: [ view_parse ] --END-- [ RunTime:0.048716s ]
INFO: [ view_filter ] --START--
INFO: Run Behavior\WriteHtmlCacheBehavior [ RunTime:0.001124s ]
INFO: [ view_filter ] --END-- [ RunTime:0.001216s ]
INFO: [ app_end ] --START--
INFO: Run Behavior\ShowPageTraceBehavior [ RunTime:0.001711s ]
INFO: [ app_end ] --END-- [ RunTime:0.001815s ]

[ 2015-12-28T21:11:54+08:00 ] ::1 /YDesigner/index.php/Template/Index/index.html?_=1451308313503
INFO: [ app_init ] --START--
INFO: Run Behavior\BuildLiteBehavior [ RunTime:0.000033s ]
INFO: [ app_init ] --END-- [ RunTime:0.001333s ]
INFO: [ app_begin ] --START--
INFO: Run Behavior\ReadHtmlCacheBehavior [ RunTime:0.001520s ]
INFO: [ app_begin ] --END-- [ RunTime:0.001641s ]
SQL: SHOW COLUMNS FROM `yd_user` [ RunTime:0.0447s ]
SQL: SELECT COUNT(*) AS tp_count FROM `yd_user` WHERE `name` LIKE '%%' LIMIT 1   [ RunTime:0.0431s ]
SQL: SELECT * FROM `yd_user` WHERE `name` LIKE '%%' ORDER BY id LIMIT 0,100   [ RunTime:0.0440s ]
INFO: [ view_parse ] --START--
INFO: [ template_filter ] --START--
INFO: Run Behavior\ContentReplaceBehavior [ RunTime:0.000161s ]
INFO: [ template_filter ] --END-- [ RunTime:0.000267s ]
INFO: Run Behavior\ParseTemplateBehavior [ RunTime:0.035863s ]
INFO: [ view_parse ] --END-- [ RunTime:0.035996s ]
INFO: [ view_filter ] --START--
INFO: Run Behavior\WriteHtmlCacheBehavior [ RunTime:0.001167s ]
INFO: [ view_filter ] --END-- [ RunTime:0.001260s ]
INFO: [ app_end ] --START--
INFO: Run Behavior\ShowPageTraceBehavior [ RunTime:0.001854s ]
INFO: [ app_end ] --END-- [ RunTime:0.001957s ]

[ 2015-12-28T21:11:59+08:00 ] ::1 /YDesigner/index.php/Design/editEvent/app_id/1/node_id/6?_=1451308318932
INFO: [ app_init ] --START--
INFO: Run Behavior\BuildLiteBehavior [ RunTime:0.000032s ]
INFO: [ app_init ] --END-- [ RunTime:0.001391s ]
INFO: [ app_begin ] --START--
INFO: Run Behavior\ReadHtmlCacheBehavior [ RunTime:0.001738s ]
INFO: [ app_begin ] --END-- [ RunTime:0.001897s ]
SQL: SHOW COLUMNS FROM `yd_app` [ RunTime:0.0442s ]
SQL: SELECT * FROM `yd_app` WHERE ( id='1' )  [ RunTime:0.0432s ]
SQL: SHOW COLUMNS FROM `yd_menu` [ RunTime:0.0445s ]
SQL: SELECT * FROM `yd_menu` WHERE ( id='6' )  [ RunTime:0.0433s ]
INFO: [ view_parse ] --START--
INFO: [ template_filter ] --START--
INFO: Run Behavior\ContentReplaceBehavior [ RunTime:0.000115s ]
INFO: [ template_filter ] --END-- [ RunTime:0.000226s ]
INFO: Run Behavior\ParseTemplateBehavior [ RunTime:0.098687s ]
INFO: [ view_parse ] --END-- [ RunTime:0.098888s ]
INFO: [ view_filter ] --START--
INFO: Run Behavior\WriteHtmlCacheBehavior [ RunTime:0.001196s ]
INFO: [ view_filter ] --END-- [ RunTime:0.001290s ]
INFO: [ app_end ] --START--
INFO: Run Behavior\ShowPageTraceBehavior [ RunTime:0.001722s ]
INFO: [ app_end ] --END-- [ RunTime:0.001825s ]

[ 2015-12-28T21:17:00+08:00 ] ::1 /YDesigner/index.php/Template/Index/index.html?_=1451308619952
INFO: [ app_init ] --START--
INFO: Run Behavior\BuildLiteBehavior [ RunTime:0.000033s ]
INFO: [ app_init ] --END-- [ RunTime:0.001456s ]
INFO: [ app_begin ] --START--
INFO: Run Behavior\ReadHtmlCacheBehavior [ RunTime:0.001668s ]
INFO: [ app_begin ] --END-- [ RunTime:0.001793s ]
SQL: SHOW COLUMNS FROM `yd_user` [ RunTime:0.0453s ]
SQL: SELECT COUNT(*) AS tp_count FROM `yd_user` WHERE `name` LIKE '%%' LIMIT 1   [ RunTime:0.0449s ]
SQL: SELECT * FROM `yd_user` WHERE `name` LIKE '%%' ORDER BY id LIMIT 0,100   [ RunTime:0.0454s ]
INFO: [ view_parse ] --START--
INFO: [ template_filter ] --START--
INFO: Run Behavior\ContentReplaceBehavior [ RunTime:0.000151s ]
INFO: [ template_filter ] --END-- [ RunTime:0.000254s ]
INFO: Run Behavior\ParseTemplateBehavior [ RunTime:0.021235s ]
INFO: [ view_parse ] --END-- [ RunTime:0.021355s ]
INFO: [ view_filter ] --START--
INFO: Run Behavior\WriteHtmlCacheBehavior [ RunTime:0.001229s ]
INFO: [ view_filter ] --END-- [ RunTime:0.001320s ]
INFO: [ app_end ] --START--
INFO: Run Behavior\ShowPageTraceBehavior [ RunTime:0.001782s ]
INFO: [ app_end ] --END-- [ RunTime:0.001890s ]

[ 2015-12-28T21:24:07+08:00 ] ::1 /YDesigner/index.php/Template/Index/index.html?_=1451309047041
INFO: [ app_init ] --START--
INFO: Run Behavior\BuildLiteBehavior [ RunTime:0.000033s ]
INFO: [ app_init ] --END-- [ RunTime:0.001349s ]
INFO: [ app_begin ] --START--
INFO: Run Behavior\ReadHtmlCacheBehavior [ RunTime:0.001547s ]
INFO: [ app_begin ] --END-- [ RunTime:0.001671s ]
SQL: SHOW COLUMNS FROM `yd_user` [ RunTime:0.0451s ]
SQL: SELECT COUNT(*) AS tp_count FROM `yd_user` WHERE `name` LIKE '%%' LIMIT 1   [ RunTime:0.0442s ]
SQL: SELECT * FROM `yd_user` WHERE `name` LIKE '%%' ORDER BY id LIMIT 0,100   [ RunTime:0.0447s ]
INFO: [ view_parse ] --START--
INFO: [ template_filter ] --START--
INFO: Run Behavior\ContentReplaceBehavior [ RunTime:0.000150s ]
INFO: [ template_filter ] --END-- [ RunTime:0.000252s ]
INFO: Run Behavior\ParseTemplateBehavior [ RunTime:0.021056s ]
INFO: [ view_parse ] --END-- [ RunTime:0.021174s ]
INFO: [ view_filter ] --START--
INFO: Run Behavior\WriteHtmlCacheBehavior [ RunTime:0.001176s ]
INFO: [ view_filter ] --END-- [ RunTime:0.001264s ]
INFO: [ app_end ] --START--
INFO: Run Behavior\ShowPageTraceBehavior [ RunTime:0.001688s ]
INFO: [ app_end ] --END-- [ RunTime:0.001791s ]

[ 2015-12-28T21:24:12+08:00 ] ::1 /YDesigner/index.php/Design/editEvent/app_id/1/node_id/6?_=1451309051899
INFO: [ app_init ] --START--
INFO: Run Behavior\BuildLiteBehavior [ RunTime:0.000032s ]
INFO: [ app_init ] --END-- [ RunTime:0.001239s ]
INFO: [ app_begin ] --START--
INFO: Run Behavior\ReadHtmlCacheBehavior [ RunTime:0.001498s ]
INFO: [ app_begin ] --END-- [ RunTime:0.001685s ]
SQL: SHOW COLUMNS FROM `yd_app` [ RunTime:0.0452s ]
SQL: SELECT * FROM `yd_app` WHERE ( id='1' )  [ RunTime:0.0444s ]
SQL: SHOW COLUMNS FROM `yd_menu` [ RunTime:0.0451s ]
SQL: SELECT * FROM `yd_menu` WHERE ( id='6' )  [ RunTime:0.0450s ]
INFO: [ view_parse ] --START--
INFO: [ template_filter ] --START--
INFO: Run Behavior\ContentReplaceBehavior [ RunTime:0.000112s ]
INFO: [ template_filter ] --END-- [ RunTime:0.000212s ]
INFO: Run Behavior\ParseTemplateBehavior [ RunTime:0.016106s ]
INFO: [ view_parse ] --END-- [ RunTime:0.016267s ]
INFO: [ view_filter ] --START--
INFO: Run Behavior\WriteHtmlCacheBehavior [ RunTime:0.001228s ]
INFO: [ view_filter ] --END-- [ RunTime:0.001320s ]
INFO: [ app_end ] --START--
INFO: Run Behavior\ShowPageTraceBehavior [ RunTime:0.001681s ]
INFO: [ app_end ] --END-- [ RunTime:0.001784s ]

[ 2015-12-28T21:24:18+08:00 ] ::1 /YDesigner/index.php/Design/editEvent/app_id/1/node_id/6?_=1451309051899
INFO: [ app_init ] --START--
INFO: Run Behavior\BuildLiteBehavior [ RunTime:0.000033s ]
INFO: [ app_init ] --END-- [ RunTime:0.001231s ]
INFO: [ app_begin ] --START--
INFO: Run Behavior\ReadHtmlCacheBehavior [ RunTime:0.001575s ]
INFO: [ app_begin ] --END-- [ RunTime:0.001720s ]
SQL: SHOW COLUMNS FROM `yd_app` [ RunTime:0.0442s ]
SQL: SELECT * FROM `yd_app` WHERE ( id='1' )  [ RunTime:0.0430s ]
SQL: SHOW COLUMNS FROM `yd_menu` [ RunTime:0.0440s ]
SQL: UPDATE `yd_menu` SET `url`='/YDesigner/index.php/Template/Index/index.html',`target`='dialog' WHERE ( id='6' ) [ RunTime:0.0475s ]

[ 2015-12-28T21:24:19+08:00 ] ::1 /YDesigner/index.php/Design/mainMenu.html?app_id=1&_=1451309058940
INFO: [ app_init ] --START--
INFO: Run Behavior\BuildLiteBehavior [ RunTime:0.000034s ]
INFO: [ app_init ] --END-- [ RunTime:0.001270s ]
INFO: [ app_begin ] --START--
INFO: Run Behavior\ReadHtmlCacheBehavior [ RunTime:0.001556s ]
INFO: [ app_begin ] --END-- [ RunTime:0.001681s ]
SQL: SHOW COLUMNS FROM `yd_app` [ RunTime:0.0458s ]
SQL: SELECT * FROM `yd_app` WHERE ( id='1' )  [ RunTime:0.0450s ]
SQL: SHOW COLUMNS FROM `yd_menu` [ RunTime:0.0460s ]
SQL: SELECT * FROM `yd_menu` WHERE ( id<>'1' and left(code,locate('_',code)-1)='qxj' )  [ RunTime:0.0587s ]
INFO: [ view_parse ] --START--
INFO: [ template_filter ] --START--
INFO: Run Behavior\ContentReplaceBehavior [ RunTime:0.000084s ]
INFO: [ template_filter ] --END-- [ RunTime:0.000189s ]
INFO: Run Behavior\ParseTemplateBehavior [ RunTime:0.013486s ]
INFO: [ view_parse ] --END-- [ RunTime:0.013670s ]
INFO: [ view_filter ] --START--
INFO: Run Behavior\WriteHtmlCacheBehavior [ RunTime:0.001249s ]
INFO: [ view_filter ] --END-- [ RunTime:0.001361s ]
INFO: [ app_end ] --START--
INFO: Run Behavior\ShowPageTraceBehavior [ RunTime:0.001725s ]
INFO: [ app_end ] --END-- [ RunTime:0.001831s ]

[ 2015-12-28T21:24:21+08:00 ] ::1 /YDesigner/index.php/Template/Index/index.html?_=1451309060923
INFO: [ app_init ] --START--
INFO: Run Behavior\BuildLiteBehavior [ RunTime:0.000032s ]
INFO: [ app_init ] --END-- [ RunTime:0.001233s ]
INFO: [ app_begin ] --START--
INFO: Run Behavior\ReadHtmlCacheBehavior [ RunTime:0.001432s ]
INFO: [ app_begin ] --END-- [ RunTime:0.001551s ]
SQL: SHOW COLUMNS FROM `yd_user` [ RunTime:0.0449s ]
SQL: SELECT COUNT(*) AS tp_count FROM `yd_user` WHERE `name` LIKE '%%' LIMIT 1   [ RunTime:0.0441s ]
SQL: SELECT * FROM `yd_user` WHERE `name` LIKE '%%' ORDER BY id LIMIT 0,100   [ RunTime:0.0442s ]
INFO: [ view_parse ] --START--
INFO: [ template_filter ] --START--
INFO: Run Behavior\ContentReplaceBehavior [ RunTime:0.000149s ]
INFO: [ template_filter ] --END-- [ RunTime:0.000254s ]
INFO: Run Behavior\ParseTemplateBehavior [ RunTime:0.020237s ]
INFO: [ view_parse ] --END-- [ RunTime:0.020389s ]
INFO: [ view_filter ] --START--
INFO: Run Behavior\WriteHtmlCacheBehavior [ RunTime:0.001223s ]
INFO: [ view_filter ] --END-- [ RunTime:0.001319s ]
INFO: [ app_end ] --START--
INFO: Run Behavior\ShowPageTraceBehavior [ RunTime:0.001699s ]
INFO: [ app_end ] --END-- [ RunTime:0.001805s ]

[ 2015-12-28T21:24:24+08:00 ] ::1 /YDesigner/index.php/Template/Index/index.html?_=1451309064085
INFO: [ app_init ] --START--
INFO: Run Behavior\BuildLiteBehavior [ RunTime:0.000032s ]
INFO: [ app_init ] --END-- [ RunTime:0.001322s ]
INFO: [ app_begin ] --START--
INFO: Run Behavior\ReadHtmlCacheBehavior [ RunTime:0.001530s ]
INFO: [ app_begin ] --END-- [ RunTime:0.001651s ]
SQL: SHOW COLUMNS FROM `yd_user` [ RunTime:0.0477s ]
SQL: SELECT COUNT(*) AS tp_count FROM `yd_user` WHERE `name` LIKE '%%' LIMIT 1   [ RunTime:0.0439s ]
SQL: SELECT * FROM `yd_user` WHERE `name` LIKE '%%' ORDER BY id LIMIT 0,100   [ RunTime:0.0444s ]
INFO: [ view_parse ] --START--
INFO: [ template_filter ] --START--
INFO: Run Behavior\ContentReplaceBehavior [ RunTime:0.000148s ]
INFO: [ template_filter ] --END-- [ RunTime:0.000248s ]
INFO: Run Behavior\ParseTemplateBehavior [ RunTime:0.020012s ]
INFO: [ view_parse ] --END-- [ RunTime:0.020132s ]
INFO: [ view_filter ] --START--
INFO: Run Behavior\WriteHtmlCacheBehavior [ RunTime:0.001253s ]
INFO: [ view_filter ] --END-- [ RunTime:0.001344s ]
INFO: [ app_end ] --START--
INFO: Run Behavior\ShowPageTraceBehavior [ RunTime:0.001742s ]
INFO: [ app_end ] --END-- [ RunTime:0.001842s ]

[ 2015-12-28T21:24:31+08:00 ] ::1 /YDesigner/index.php/Design/editEvent/app_id/1/node_id/6?_=1451309071321
INFO: [ app_init ] --START--
INFO: Run Behavior\BuildLiteBehavior [ RunTime:0.000032s ]
INFO: [ app_init ] --END-- [ RunTime:0.001249s ]
INFO: [ app_begin ] --START--
INFO: Run Behavior\ReadHtmlCacheBehavior [ RunTime:0.001453s ]
INFO: [ app_begin ] --END-- [ RunTime:0.001592s ]
SQL: SHOW COLUMNS FROM `yd_app` [ RunTime:0.0442s ]
SQL: SELECT * FROM `yd_app` WHERE ( id='1' )  [ RunTime:0.0431s ]
SQL: SHOW COLUMNS FROM `yd_menu` [ RunTime:0.0445s ]
SQL: SELECT * FROM `yd_menu` WHERE ( id='6' )  [ RunTime:0.0439s ]
INFO: [ view_parse ] --START--
INFO: [ template_filter ] --START--
INFO: Run Behavior\ContentReplaceBehavior [ RunTime:0.000112s ]
INFO: [ template_filter ] --END-- [ RunTime:0.000214s ]
INFO: Run Behavior\ParseTemplateBehavior [ RunTime:0.016244s ]
INFO: [ view_parse ] --END-- [ RunTime:0.016404s ]
INFO: [ view_filter ] --START--
INFO: Run Behavior\WriteHtmlCacheBehavior [ RunTime:0.001113s ]
INFO: [ view_filter ] --END-- [ RunTime:0.001196s ]
INFO: [ app_end ] --START--
INFO: Run Behavior\ShowPageTraceBehavior [ RunTime:0.001603s ]
INFO: [ app_end ] --END-- [ RunTime:0.001703s ]

[ 2015-12-28T21:24:35+08:00 ] ::1 /YDesigner/index.php/Design/editEvent/app_id/1/node_id/6?_=1451309071321
INFO: [ app_init ] --START--
INFO: Run Behavior\BuildLiteBehavior [ RunTime:0.000032s ]
INFO: [ app_init ] --END-- [ RunTime:0.001202s ]
INFO: [ app_begin ] --START--
INFO: Run Behavior\ReadHtmlCacheBehavior [ RunTime:0.001583s ]
INFO: [ app_begin ] --END-- [ RunTime:0.001727s ]
SQL: SHOW COLUMNS FROM `yd_app` [ RunTime:0.0433s ]
SQL: SELECT * FROM `yd_app` WHERE ( id='1' )  [ RunTime:0.0433s ]
SQL: SHOW COLUMNS FROM `yd_menu` [ RunTime:0.0440s ]
SQL: UPDATE `yd_menu` SET `url`='/YDesigner/index.php/Template/Index/index.html',`target`='navTab' WHERE ( id='6' ) [ RunTime:0.0481s ]

[ 2015-12-28T21:24:35+08:00 ] ::1 /YDesigner/index.php/Design/mainMenu.html?app_id=1&_=1451309075037
INFO: [ app_init ] --START--
INFO: Run Behavior\BuildLiteBehavior [ RunTime:0.000033s ]
INFO: [ app_init ] --END-- [ RunTime:0.001209s ]
INFO: [ app_begin ] --START--
INFO: Run Behavior\ReadHtmlCacheBehavior [ RunTime:0.001733s ]
INFO: [ app_begin ] --END-- [ RunTime:0.001858s ]
SQL: SHOW COLUMNS FROM `yd_app` [ RunTime:0.0454s ]
SQL: SELECT * FROM `yd_app` WHERE ( id='1' )  [ RunTime:0.0450s ]
SQL: SHOW COLUMNS FROM `yd_menu` [ RunTime:0.0459s ]
SQL: SELECT * FROM `yd_menu` WHERE ( id<>'1' and left(code,locate('_',code)-1)='qxj' )  [ RunTime:0.0454s ]
INFO: [ view_parse ] --START--
INFO: [ template_filter ] --START--
INFO: Run Behavior\ContentReplaceBehavior [ RunTime:0.000080s ]
INFO: [ template_filter ] --END-- [ RunTime:0.000187s ]
INFO: Run Behavior\ParseTemplateBehavior [ RunTime:0.013488s ]
INFO: [ view_parse ] --END-- [ RunTime:0.013633s ]
INFO: [ view_filter ] --START--
INFO: Run Behavior\WriteHtmlCacheBehavior [ RunTime:0.001286s ]
INFO: [ view_filter ] --END-- [ RunTime:0.001379s ]
INFO: [ app_end ] --START--
INFO: Run Behavior\ShowPageTraceBehavior [ RunTime:0.002093s ]
INFO: [ app_end ] --END-- [ RunTime:0.002201s ]

[ 2015-12-28T21:25:07+08:00 ] ::1 /YDesigner/index.php/Design/editEvent/app_id/1/node_id/6?_=1451309106783
INFO: [ app_init ] --START--
INFO: Run Behavior\BuildLiteBehavior [ RunTime:0.000031s ]
INFO: [ app_init ] --END-- [ RunTime:0.001211s ]
INFO: [ app_begin ] --START--
INFO: Run Behavior\ReadHtmlCacheBehavior [ RunTime:0.001457s ]
INFO: [ app_begin ] --END-- [ RunTime:0.001596s ]
SQL: SHOW COLUMNS FROM `yd_app` [ RunTime:0.0471s ]
SQL: SELECT * FROM `yd_app` WHERE ( id='1' )  [ RunTime:0.0446s ]
SQL: SHOW COLUMNS FROM `yd_menu` [ RunTime:0.0455s ]
SQL: SELECT * FROM `yd_menu` WHERE ( id='6' )  [ RunTime:0.0456s ]
INFO: [ view_parse ] --START--
INFO: [ template_filter ] --START--
INFO: Run Behavior\ContentReplaceBehavior [ RunTime:0.000109s ]
INFO: [ template_filter ] --END-- [ RunTime:0.000207s ]
INFO: Run Behavior\ParseTemplateBehavior [ RunTime:0.016203s ]
INFO: [ view_parse ] --END-- [ RunTime:0.016362s ]
INFO: [ view_filter ] --START--
INFO: Run Behavior\WriteHtmlCacheBehavior [ RunTime:0.001208s ]
INFO: [ view_filter ] --END-- [ RunTime:0.001301s ]
INFO: [ app_end ] --START--
INFO: Run Behavior\ShowPageTraceBehavior [ RunTime:0.001691s ]
INFO: [ app_end ] --END-- [ RunTime:0.001793s ]

[ 2015-12-28T21:25:10+08:00 ] ::1 /YDesigner/index.php/Template/Index/index.html?_=1451309109917
INFO: [ app_init ] --START--
INFO: Run Behavior\BuildLiteBehavior [ RunTime:0.000032s ]
INFO: [ app_init ] --END-- [ RunTime:0.001336s ]
INFO: [ app_begin ] --START--
INFO: Run Behavior\ReadHtmlCacheBehavior [ RunTime:0.001556s ]
INFO: [ app_begin ] --END-- [ RunTime:0.001678s ]
SQL: SHOW COLUMNS FROM `yd_user` [ RunTime:0.0453s ]
SQL: SELECT COUNT(*) AS tp_count FROM `yd_user` WHERE `name` LIKE '%%' LIMIT 1   [ RunTime:0.0439s ]
SQL: SELECT * FROM `yd_user` WHERE `name` LIKE '%%' ORDER BY id LIMIT 0,100   [ RunTime:0.0447s ]
INFO: [ view_parse ] --START--
INFO: [ template_filter ] --START--
INFO: Run Behavior\ContentReplaceBehavior [ RunTime:0.000145s ]
INFO: [ template_filter ] --END-- [ RunTime:0.000244s ]
INFO: Run Behavior\ParseTemplateBehavior [ RunTime:0.020723s ]
INFO: [ view_parse ] --END-- [ RunTime:0.020869s ]
INFO: [ view_filter ] --START--
INFO: Run Behavior\WriteHtmlCacheBehavior [ RunTime:0.001184s ]
INFO: [ view_filter ] --END-- [ RunTime:0.001282s ]
INFO: [ app_end ] --START--
INFO: Run Behavior\ShowPageTraceBehavior [ RunTime:0.001692s ]
INFO: [ app_end ] --END-- [ RunTime:0.001798s ]

[ 2015-12-28T21:25:17+08:00 ] ::1 /YDesigner/index.php/Template/Index/index.html?_=1451309117138
INFO: [ app_init ] --START--
INFO: Run Behavior\BuildLiteBehavior [ RunTime:0.000031s ]
INFO: [ app_init ] --END-- [ RunTime:0.001212s ]
INFO: [ app_begin ] --START--
INFO: Run Behavior\ReadHtmlCacheBehavior [ RunTime:0.001473s ]
INFO: [ app_begin ] --END-- [ RunTime:0.001604s ]
SQL: SHOW COLUMNS FROM `yd_user` [ RunTime:0.0469s ]
SQL: SELECT COUNT(*) AS tp_count FROM `yd_user` WHERE `name` LIKE '%%' LIMIT 1   [ RunTime:0.0454s ]
SQL: SELECT * FROM `yd_user` WHERE `name` LIKE '%%' ORDER BY id LIMIT 0,100   [ RunTime:0.0456s ]
INFO: [ view_parse ] --START--
INFO: [ template_filter ] --START--
INFO: Run Behavior\ContentReplaceBehavior [ RunTime:0.000147s ]
INFO: [ template_filter ] --END-- [ RunTime:0.000251s ]
INFO: Run Behavior\ParseTemplateBehavior [ RunTime:0.020302s ]
INFO: [ view_parse ] --END-- [ RunTime:0.020428s ]
INFO: [ view_filter ] --START--
INFO: Run Behavior\WriteHtmlCacheBehavior [ RunTime:0.001197s ]
INFO: [ view_filter ] --END-- [ RunTime:0.001289s ]
INFO: [ app_end ] --START--
INFO: Run Behavior\ShowPageTraceBehavior [ RunTime:0.001776s ]
INFO: [ app_end ] --END-- [ RunTime:0.001878s ]

[ 2015-12-28T21:32:30+08:00 ] ::1 /YDesigner/index.php/Design/index/app_id/1.html
INFO: [ app_init ] --START--
INFO: Run Behavior\BuildLiteBehavior [ RunTime:0.000032s ]
INFO: [ app_init ] --END-- [ RunTime:0.001358s ]
INFO: [ app_begin ] --START--
INFO: Run Behavior\ReadHtmlCacheBehavior [ RunTime:0.001550s ]
INFO: [ app_begin ] --END-- [ RunTime:0.001709s ]
SQL: SHOW COLUMNS FROM `yd_app` [ RunTime:0.0459s ]
SQL: SELECT * FROM `yd_app` WHERE ( id='1' )  [ RunTime:0.0449s ]
SQL: SELECT * FROM `yd_app` WHERE ( id='1' )  [ RunTime:0.0452s ]
SQL: SHOW COLUMNS FROM `yd_menu` [ RunTime:0.0456s ]
SQL: SELECT * FROM `yd_menu` WHERE ( id<>'1' )  [ RunTime:0.0461s ]
INFO: [ view_parse ] --START--
INFO: [ template_filter ] --START--
INFO: Run Behavior\ContentReplaceBehavior [ RunTime:0.000335s ]
INFO: [ template_filter ] --END-- [ RunTime:0.000443s ]
INFO: Run Behavior\ParseTemplateBehavior [ RunTime:0.022280s ]
INFO: [ view_parse ] --END-- [ RunTime:0.022434s ]
INFO: [ view_filter ] --START--
INFO: Run Behavior\WriteHtmlCacheBehavior [ RunTime:0.001538s ]
INFO: [ view_filter ] --END-- [ RunTime:0.001676s ]
INFO: [ app_end ] --START--
INFO: Run Behavior\ShowPageTraceBehavior [ RunTime:0.001755s ]
INFO: [ app_end ] --END-- [ RunTime:0.001869s ]

[ 2015-12-28T21:32:31+08:00 ] ::1 /YDesigner/index.php/Design/mainMenu.html?app_id=1&_=1451309550817
INFO: [ app_init ] --START--
INFO: Run Behavior\BuildLiteBehavior [ RunTime:0.000031s ]
INFO: [ app_init ] --END-- [ RunTime:0.001605s ]
INFO: [ app_begin ] --START--
INFO: Run Behavior\ReadHtmlCacheBehavior [ RunTime:0.001593s ]
INFO: [ app_begin ] --END-- [ RunTime:0.001714s ]
SQL: SHOW COLUMNS FROM `yd_app` [ RunTime:0.0449s ]
SQL: SELECT * FROM `yd_app` WHERE ( id='1' )  [ RunTime:0.0440s ]
SQL: SHOW COLUMNS FROM `yd_menu` [ RunTime:0.0447s ]
SQL: SELECT * FROM `yd_menu` WHERE ( id<>'1' and left(code,locate('_',code)-1)='qxj' )  [ RunTime:0.0446s ]
INFO: [ view_parse ] --START--
INFO: [ template_filter ] --START--
INFO: Run Behavior\ContentReplaceBehavior [ RunTime:0.000081s ]
INFO: [ template_filter ] --END-- [ RunTime:0.000181s ]
INFO: Run Behavior\ParseTemplateBehavior [ RunTime:0.013311s ]
INFO: [ view_parse ] --END-- [ RunTime:0.013457s ]
INFO: [ view_filter ] --START--
INFO: Run Behavior\WriteHtmlCacheBehavior [ RunTime:0.001145s ]
INFO: [ view_filter ] --END-- [ RunTime:0.001235s ]
INFO: [ app_end ] --START--
INFO: Run Behavior\ShowPageTraceBehavior [ RunTime:0.001623s ]
INFO: [ app_end ] --END-- [ RunTime:0.001730s ]

[ 2015-12-28T21:32:32+08:00 ] ::1 /YDesigner/index.php/Template/Index/index.html?_=1451309552329
INFO: [ app_init ] --START--
INFO: Run Behavior\BuildLiteBehavior [ RunTime:0.000032s ]
INFO: [ app_init ] --END-- [ RunTime:0.001196s ]
INFO: [ app_begin ] --START--
INFO: Run Behavior\ReadHtmlCacheBehavior [ RunTime:0.001415s ]
INFO: [ app_begin ] --END-- [ RunTime:0.001539s ]
SQL: SHOW COLUMNS FROM `yd_user` [ RunTime:0.0448s ]
SQL: SELECT COUNT(*) AS tp_count FROM `yd_user` WHERE `name` LIKE '%%' LIMIT 1   [ RunTime:0.0439s ]
SQL: SELECT * FROM `yd_user` WHERE `name` LIKE '%%' ORDER BY id LIMIT 0,100   [ RunTime:0.0442s ]
INFO: [ view_parse ] --START--
INFO: [ template_filter ] --START--
INFO: Run Behavior\ContentReplaceBehavior [ RunTime:0.000159s ]
INFO: [ template_filter ] --END-- [ RunTime:0.000269s ]
INFO: Run Behavior\ParseTemplateBehavior [ RunTime:0.021611s ]
INFO: [ view_parse ] --END-- [ RunTime:0.021791s ]
INFO: [ view_filter ] --START--
INFO: Run Behavior\WriteHtmlCacheBehavior [ RunTime:0.001170s ]
INFO: [ view_filter ] --END-- [ RunTime:0.001263s ]
INFO: [ app_end ] --START--
INFO: Run Behavior\ShowPageTraceBehavior [ RunTime:0.001665s ]
INFO: [ app_end ] --END-- [ RunTime:0.001771s ]

[ 2015-12-28T21:32:37+08:00 ] ::1 /YDesigner/index.php/Design/editEvent/app_id/1/node_id/6?_=1451309557056
INFO: [ app_init ] --START--
INFO: Run Behavior\BuildLiteBehavior [ RunTime:0.000033s ]
INFO: [ app_init ] --END-- [ RunTime:0.001462s ]
INFO: [ app_begin ] --START--
INFO: Run Behavior\ReadHtmlCacheBehavior [ RunTime:0.001606s ]
INFO: [ app_begin ] --END-- [ RunTime:0.002078s ]
SQL: SHOW COLUMNS FROM `yd_app` [ RunTime:0.0458s ]
SQL: SELECT * FROM `yd_app` WHERE ( id='1' )  [ RunTime:0.0446s ]
SQL: SHOW COLUMNS FROM `yd_menu` [ RunTime:0.0458s ]
SQL: SELECT * FROM `yd_menu` WHERE ( id='6' )  [ RunTime:0.0454s ]
INFO: [ view_parse ] --START--
NOTIC: [2] simplexml_load_string(): Entity: line 1: parser error : Unescaped '&lt;' not allowed in attributes values C:\Users\liteng\Documents\Visual Studio 2012\Projects\YDesigner\YDesigner\ThinkPHP\Library\Think\Template\TagLib.class.php 第 80 行.
NOTIC: [2] simplexml_load_string(): &lt;tpl&gt;&lt;tag condition=&quot;$node['url'] eq U('Template/Index/index',array('app_id'= /&gt; C:\Users\liteng\Documents\Visual Studio 2012\Projects\YDesigner\YDesigner\ThinkPHP\Library\Think\Template\TagLib.class.php 第 80 行.
NOTIC: [2] simplexml_load_string():                                                                                ^ C:\Users\liteng\Documents\Visual Studio 2012\Projects\YDesigner\YDesigner\ThinkPHP\Library\Think\Template\TagLib.class.php 第 80 行.
NOTIC: [2] simplexml_load_string(): Entity: line 1: parser error : attributes construct error C:\Users\liteng\Documents\Visual Studio 2012\Projects\YDesigner\YDesigner\ThinkPHP\Library\Think\Template\TagLib.class.php 第 80 行.
NOTIC: [2] simplexml_load_string(): &lt;tpl&gt;&lt;tag condition=&quot;$node['url'] eq U('Template/Index/index',array('app_id'= /&gt; C:\Users\liteng\Documents\Visual Studio 2012\Projects\YDesigner\YDesigner\ThinkPHP\Library\Think\Template\TagLib.class.php 第 80 行.
NOTIC: [2] simplexml_load_string():                                                                                ^ C:\Users\liteng\Documents\Visual Studio 2012\Projects\YDesigner\YDesigner\ThinkPHP\Library\Think\Template\TagLib.class.php 第 80 行.
NOTIC: [2] simplexml_load_string(): Entity: line 1: parser error : Couldn't find end of Start Tag tag line 1 C:\Users\liteng\Documents\Visual Studio 2012\Projects\YDesigner\YDesigner\ThinkPHP\Library\Think\Template\TagLib.class.php 第 80 行.
NOTIC: [2] simplexml_load_string(): &lt;tpl&gt;&lt;tag condition=&quot;$node['url'] eq U('Template/Index/index',array('app_id'= /&gt; C:\Users\liteng\Documents\Visual Studio 2012\Projects\YDesigner\YDesigner\ThinkPHP\Library\Think\Template\TagLib.class.php 第 80 行.
NOTIC: [2] simplexml_load_string():                                                                                ^ C:\Users\liteng\Documents\Visual Studio 2012\Projects\YDesigner\YDesigner\ThinkPHP\Library\Think\Template\TagLib.class.php 第 80 行.
ERR: XML标签语法错误 : condition="$node['url'] eq U('Template/Index/index',array('app_id'=

[ 2015-12-28T21:32:47+08:00 ] ::1 /YDesigner/index.php/Design/editEvent/app_id/1/node_id/6?_=1451309566771
INFO: [ app_init ] --START--
INFO: Run Behavior\BuildLiteBehavior [ RunTime:0.000032s ]
INFO: [ app_init ] --END-- [ RunTime:0.001160s ]
INFO: [ app_begin ] --START--
INFO: Run Behavior\ReadHtmlCacheBehavior [ RunTime:0.001429s ]
INFO: [ app_begin ] --END-- [ RunTime:0.001569s ]
SQL: SHOW COLUMNS FROM `yd_app` [ RunTime:0.0452s ]
SQL: SELECT * FROM `yd_app` WHERE ( id='1' )  [ RunTime:0.0446s ]
SQL: SHOW COLUMNS FROM `yd_menu` [ RunTime:0.0452s ]
SQL: SELECT * FROM `yd_menu` WHERE ( id='6' )  [ RunTime:0.0441s ]
INFO: [ view_parse ] --START--
NOTIC: [2] simplexml_load_string(): Entity: line 1: parser error : Unescaped '&lt;' not allowed in attributes values C:\Users\liteng\Documents\Visual Studio 2012\Projects\YDesigner\YDesigner\ThinkPHP\Library\Think\Template\TagLib.class.php 第 80 行.
NOTIC: [2] simplexml_load_string(): &lt;tpl&gt;&lt;tag condition=&quot;$node['url'] eq U('Template/Index/index',array('app_id'= /&gt; C:\Users\liteng\Documents\Visual Studio 2012\Projects\YDesigner\YDesigner\ThinkPHP\Library\Think\Template\TagLib.class.php 第 80 行.
NOTIC: [2] simplexml_load_string():                                                                                ^ C:\Users\liteng\Documents\Visual Studio 2012\Projects\YDesigner\YDesigner\ThinkPHP\Library\Think\Template\TagLib.class.php 第 80 行.
NOTIC: [2] simplexml_load_string(): Entity: line 1: parser error : attributes construct error C:\Users\liteng\Documents\Visual Studio 2012\Projects\YDesigner\YDesigner\ThinkPHP\Library\Think\Template\TagLib.class.php 第 80 行.
NOTIC: [2] simplexml_load_string(): &lt;tpl&gt;&lt;tag condition=&quot;$node['url'] eq U('Template/Index/index',array('app_id'= /&gt; C:\Users\liteng\Documents\Visual Studio 2012\Projects\YDesigner\YDesigner\ThinkPHP\Library\Think\Template\TagLib.class.php 第 80 行.
NOTIC: [2] simplexml_load_string():                                                                                ^ C:\Users\liteng\Documents\Visual Studio 2012\Projects\YDesigner\YDesigner\ThinkPHP\Library\Think\Template\TagLib.class.php 第 80 行.
NOTIC: [2] simplexml_load_string(): Entity: line 1: parser error : Couldn't find end of Start Tag tag line 1 C:\Users\liteng\Documents\Visual Studio 2012\Projects\YDesigner\YDesigner\ThinkPHP\Library\Think\Template\TagLib.class.php 第 80 行.
NOTIC: [2] simplexml_load_string(): &lt;tpl&gt;&lt;tag condition=&quot;$node['url'] eq U('Template/Index/index',array('app_id'= /&gt; C:\Users\liteng\Documents\Visual Studio 2012\Projects\YDesigner\YDesigner\ThinkPHP\Library\Think\Template\TagLib.class.php 第 80 行.
NOTIC: [2] simplexml_load_string():                                                                                ^ C:\Users\liteng\Documents\Visual Studio 2012\Projects\YDesigner\YDesigner\ThinkPHP\Library\Think\Template\TagLib.class.php 第 80 行.
ERR: XML标签语法错误 : condition="$node['url'] eq U('Template/Index/index',array('app_id'=

[ 2015-12-28T21:35:06+08:00 ] ::1 /YDesigner/index.php/Design/editEvent/app_id/1/node_id/6?_=1451309706069
INFO: [ app_init ] --START--
INFO: Run Behavior\BuildLiteBehavior [ RunTime:0.000032s ]
INFO: [ app_init ] --END-- [ RunTime:0.001413s ]
INFO: [ app_begin ] --START--
INFO: Run Behavior\ReadHtmlCacheBehavior [ RunTime:0.001915s ]
INFO: [ app_begin ] --END-- [ RunTime:0.002062s ]
SQL: SHOW COLUMNS FROM `yd_app` [ RunTime:0.0469s ]
SQL: SELECT * FROM `yd_app` WHERE ( id='1' )  [ RunTime:0.0464s ]
SQL: SHOW COLUMNS FROM `yd_menu` [ RunTime:0.0468s ]
SQL: SELECT * FROM `yd_menu` WHERE ( id='6' )  [ RunTime:0.0470s ]
INFO: [ view_parse ] --START--
INFO: [ template_filter ] --START--
INFO: Run Behavior\ContentReplaceBehavior [ RunTime:0.000098s ]
INFO: [ template_filter ] --END-- [ RunTime:0.000180s ]
INFO: Run Behavior\ParseTemplateBehavior [ RunTime:0.013765s ]
INFO: [ view_parse ] --END-- [ RunTime:0.013887s ]
INFO: [ view_filter ] --START--
INFO: Run Behavior\WriteHtmlCacheBehavior [ RunTime:0.000964s ]
INFO: [ view_filter ] --END-- [ RunTime:0.001043s ]
INFO: [ app_end ] --START--
INFO: Run Behavior\ShowPageTraceBehavior [ RunTime:0.001532s ]
INFO: [ app_end ] --END-- [ RunTime:0.001631s ]

[ 2015-12-28T21:35:13+08:00 ] ::1 /YDesigner/index.php/Design/editEvent/app_id/1/node_id/6?_=1451309706069
INFO: [ app_init ] --START--
INFO: Run Behavior\BuildLiteBehavior [ RunTime:0.000032s ]
INFO: [ app_init ] --END-- [ RunTime:0.001210s ]
INFO: [ app_begin ] --START--
INFO: Run Behavior\ReadHtmlCacheBehavior [ RunTime:0.001436s ]
INFO: [ app_begin ] --END-- [ RunTime:0.001579s ]
SQL: SHOW COLUMNS FROM `yd_app` [ RunTime:0.0463s ]
SQL: SELECT * FROM `yd_app` WHERE ( id='1' )  [ RunTime:0.0452s ]
SQL: SHOW COLUMNS FROM `yd_menu` [ RunTime:0.0459s ]
SQL: UPDATE `yd_menu` SET `url`='/YDesigner/index.php/Template/Index/index/app_id/1/menu_id/6.html',`target`='navTab' WHERE ( id='6' ) [ RunTime:0.0504s ]

[ 2015-12-28T21:35:13+08:00 ] ::1 /YDesigner/index.php/Design/mainMenu.html?app_id=1&_=1451309713311
INFO: [ app_init ] --START--
INFO: Run Behavior\BuildLiteBehavior [ RunTime:0.000034s ]
INFO: [ app_init ] --END-- [ RunTime:0.001207s ]
INFO: [ app_begin ] --START--
INFO: Run Behavior\ReadHtmlCacheBehavior [ RunTime:0.001438s ]
INFO: [ app_begin ] --END-- [ RunTime:0.001561s ]
SQL: SHOW COLUMNS FROM `yd_app` [ RunTime:0.0468s ]
SQL: SELECT * FROM `yd_app` WHERE ( id='1' )  [ RunTime:0.0470s ]
SQL: SHOW COLUMNS FROM `yd_menu` [ RunTime:0.0473s ]
SQL: SELECT * FROM `yd_menu` WHERE ( id<>'1' and left(code,locate('_',code)-1)='qxj' )  [ RunTime:0.0474s ]
INFO: [ view_parse ] --START--
INFO: [ template_filter ] --START--
INFO: Run Behavior\ContentReplaceBehavior [ RunTime:0.000080s ]
INFO: [ template_filter ] --END-- [ RunTime:0.000188s ]
INFO: Run Behavior\ParseTemplateBehavior [ RunTime:0.013462s ]
INFO: [ view_parse ] --END-- [ RunTime:0.013612s ]
INFO: [ view_filter ] --START--
INFO: Run Behavior\WriteHtmlCacheBehavior [ RunTime:0.001139s ]
INFO: [ view_filter ] --END-- [ RunTime:0.001235s ]
INFO: [ app_end ] --START--
INFO: Run Behavior\ShowPageTraceBehavior [ RunTime:0.001664s ]
INFO: [ app_end ] --END-- [ RunTime:0.001768s ]

[ 2015-12-28T21:35:28+08:00 ] ::1 /YDesigner/index.php/Design/editEvent/app_id/1/node_id/6?_=1451309728003
INFO: [ app_init ] --START--
INFO: Run Behavior\BuildLiteBehavior [ RunTime:0.000031s ]
INFO: [ app_init ] --END-- [ RunTime:0.001199s ]
INFO: [ app_begin ] --START--
INFO: Run Behavior\ReadHtmlCacheBehavior [ RunTime:0.001455s ]
INFO: [ app_begin ] --END-- [ RunTime:0.001593s ]
SQL: SHOW COLUMNS FROM `yd_app` [ RunTime:0.0452s ]
SQL: SELECT * FROM `yd_app` WHERE ( id='1' )  [ RunTime:0.0446s ]
SQL: SHOW COLUMNS FROM `yd_menu` [ RunTime:0.0452s ]
SQL: SELECT * FROM `yd_menu` WHERE ( id='6' )  [ RunTime:0.0452s ]
INFO: [ view_parse ] --START--
INFO: [ template_filter ] --START--
INFO: Run Behavior\ContentReplaceBehavior [ RunTime:0.000093s ]
INFO: [ template_filter ] --END-- [ RunTime:0.000184s ]
INFO: Run Behavior\ParseTemplateBehavior [ RunTime:0.013187s ]
INFO: [ view_parse ] --END-- [ RunTime:0.013312s ]
INFO: [ view_filter ] --START--
INFO: Run Behavior\WriteHtmlCacheBehavior [ RunTime:0.001029s ]
INFO: [ view_filter ] --END-- [ RunTime:0.001119s ]
INFO: [ app_end ] --START--
INFO: Run Behavior\ShowPageTraceBehavior [ RunTime:0.001513s ]
INFO: [ app_end ] --END-- [ RunTime:0.001601s ]

[ 2015-12-28T21:36:19+08:00 ] ::1 /YDesigner/index.php/Design/index/app_id/1.html
INFO: [ app_init ] --START--
INFO: Run Behavior\BuildLiteBehavior [ RunTime:0.000032s ]
INFO: [ app_init ] --END-- [ RunTime:0.001206s ]
INFO: [ app_begin ] --START--
INFO: Run Behavior\ReadHtmlCacheBehavior [ RunTime:0.001440s ]
INFO: [ app_begin ] --END-- [ RunTime:0.001589s ]
SQL: SHOW COLUMNS FROM `yd_app` [ RunTime:0.0452s ]
SQL: SELECT * FROM `yd_app` WHERE ( id='1' )  [ RunTime:0.0445s ]
SQL: SELECT * FROM `yd_app` WHERE ( id='1' )  [ RunTime:0.0443s ]
SQL: SHOW COLUMNS FROM `yd_menu` [ RunTime:0.0451s ]
SQL: SELECT * FROM `yd_menu` WHERE ( id<>'1' )  [ RunTime:0.0458s ]
INFO: [ view_parse ] --START--
INFO: [ template_filter ] --START--
INFO: Run Behavior\ContentReplaceBehavior [ RunTime:0.000335s ]
INFO: [ template_filter ] --END-- [ RunTime:0.000447s ]
INFO: Run Behavior\ParseTemplateBehavior [ RunTime:0.020806s ]
INFO: [ view_parse ] --END-- [ RunTime:0.020935s ]
INFO: [ view_filter ] --START--
INFO: Run Behavior\WriteHtmlCacheBehavior [ RunTime:0.001288s ]
INFO: [ view_filter ] --END-- [ RunTime:0.001390s ]
INFO: [ app_end ] --START--
INFO: Run Behavior\ShowPageTraceBehavior [ RunTime:0.001813s ]
INFO: [ app_end ] --END-- [ RunTime:0.001926s ]

[ 2015-12-28T21:36:20+08:00 ] ::1 /YDesigner/index.php/Design/mainMenu.html?app_id=1&_=1451309779789
INFO: [ app_init ] --START--
INFO: Run Behavior\BuildLiteBehavior [ RunTime:0.000034s ]
INFO: [ app_init ] --END-- [ RunTime:0.001207s ]
INFO: [ app_begin ] --START--
INFO: Run Behavior\ReadHtmlCacheBehavior [ RunTime:0.001444s ]
INFO: [ app_begin ] --END-- [ RunTime:0.001567s ]
SQL: SHOW COLUMNS FROM `yd_app` [ RunTime:0.0456s ]
SQL: SELECT * FROM `yd_app` WHERE ( id='1' )  [ RunTime:0.0456s ]
SQL: SHOW COLUMNS FROM `yd_menu` [ RunTime:0.0461s ]
SQL: SELECT * FROM `yd_menu` WHERE ( id<>'1' and left(code,locate('_',code)-1)='qxj' )  [ RunTime:0.0451s ]
INFO: [ view_parse ] --START--
INFO: [ template_filter ] --START--
INFO: Run Behavior\ContentReplaceBehavior [ RunTime:0.000083s ]
INFO: [ template_filter ] --END-- [ RunTime:0.000187s ]
INFO: Run Behavior\ParseTemplateBehavior [ RunTime:0.013463s ]
INFO: [ view_parse ] --END-- [ RunTime:0.013610s ]
INFO: [ view_filter ] --START--
INFO: Run Behavior\WriteHtmlCacheBehavior [ RunTime:0.001148s ]
INFO: [ view_filter ] --END-- [ RunTime:0.001240s ]
INFO: [ app_end ] --START--
INFO: Run Behavior\ShowPageTraceBehavior [ RunTime:0.001765s ]
INFO: [ app_end ] --END-- [ RunTime:0.001872s ]

[ 2015-12-28T21:36:23+08:00 ] ::1 /YDesigner/index.php/Design/editEvent/app_id/1/node_id/6?_=1451309783295
INFO: [ app_init ] --START--
INFO: Run Behavior\BuildLiteBehavior [ RunTime:0.000033s ]
INFO: [ app_init ] --END-- [ RunTime:0.001298s ]
INFO: [ app_begin ] --START--
INFO: Run Behavior\ReadHtmlCacheBehavior [ RunTime:0.001489s ]
INFO: [ app_begin ] --END-- [ RunTime:0.001637s ]
SQL: SHOW COLUMNS FROM `yd_app` [ RunTime:0.0453s ]
SQL: SELECT * FROM `yd_app` WHERE ( id='1' )  [ RunTime:0.0447s ]
SQL: SHOW COLUMNS FROM `yd_menu` [ RunTime:0.0447s ]
SQL: SELECT * FROM `yd_menu` WHERE ( id='6' )  [ RunTime:0.0442s ]
INFO: [ view_parse ] --START--
NOTIC: [2] simplexml_load_string(): Entity: line 1: parser error : Unescaped '&lt;' not allowed in attributes values C:\Users\liteng\Documents\Visual Studio 2012\Projects\YDesigner\YDesigner\ThinkPHP\Library\Think\Template\TagLib.class.php 第 80 行.
NOTIC: [2] simplexml_load_string(): &lt;tpl&gt;&lt;tag condition=&quot;$node['url'] eq U('Template/Index/index',array('app_id'= /&gt; C:\Users\liteng\Documents\Visual Studio 2012\Projects\YDesigner\YDesigner\ThinkPHP\Library\Think\Template\TagLib.class.php 第 80 行.
NOTIC: [2] simplexml_load_string():                                                                                ^ C:\Users\liteng\Documents\Visual Studio 2012\Projects\YDesigner\YDesigner\ThinkPHP\Library\Think\Template\TagLib.class.php 第 80 行.
NOTIC: [2] simplexml_load_string(): Entity: line 1: parser error : attributes construct error C:\Users\liteng\Documents\Visual Studio 2012\Projects\YDesigner\YDesigner\ThinkPHP\Library\Think\Template\TagLib.class.php 第 80 行.
NOTIC: [2] simplexml_load_string(): &lt;tpl&gt;&lt;tag condition=&quot;$node['url'] eq U('Template/Index/index',array('app_id'= /&gt; C:\Users\liteng\Documents\Visual Studio 2012\Projects\YDesigner\YDesigner\ThinkPHP\Library\Think\Template\TagLib.class.php 第 80 行.
NOTIC: [2] simplexml_load_string():                                                                                ^ C:\Users\liteng\Documents\Visual Studio 2012\Projects\YDesigner\YDesigner\ThinkPHP\Library\Think\Template\TagLib.class.php 第 80 行.
NOTIC: [2] simplexml_load_string(): Entity: line 1: parser error : Couldn't find end of Start Tag tag line 1 C:\Users\liteng\Documents\Visual Studio 2012\Projects\YDesigner\YDesigner\ThinkPHP\Library\Think\Template\TagLib.class.php 第 80 行.
NOTIC: [2] simplexml_load_string(): &lt;tpl&gt;&lt;tag condition=&quot;$node['url'] eq U('Template/Index/index',array('app_id'= /&gt; C:\Users\liteng\Documents\Visual Studio 2012\Projects\YDesigner\YDesigner\ThinkPHP\Library\Think\Template\TagLib.class.php 第 80 行.
NOTIC: [2] simplexml_load_string():                                                                                ^ C:\Users\liteng\Documents\Visual Studio 2012\Projects\YDesigner\YDesigner\ThinkPHP\Library\Think\Template\TagLib.class.php 第 80 行.
ERR: XML标签语法错误 : condition="$node['url'] eq U('Template/Index/index',array('app_id'=

[ 2015-12-28T21:37:13+08:00 ] ::1 /YDesigner/index.php/Design/index/app_id/1.html
INFO: [ app_init ] --START--
INFO: Run Behavior\BuildLiteBehavior [ RunTime:0.000032s ]
INFO: [ app_init ] --END-- [ RunTime:0.001372s ]
INFO: [ app_begin ] --START--
INFO: Run Behavior\ReadHtmlCacheBehavior [ RunTime:0.001569s ]
INFO: [ app_begin ] --END-- [ RunTime:0.001728s ]
SQL: SHOW COLUMNS FROM `yd_app` [ RunTime:0.0460s ]
SQL: SELECT * FROM `yd_app` WHERE ( id='1' )  [ RunTime:0.0452s ]
SQL: SELECT * FROM `yd_app` WHERE ( id='1' )  [ RunTime:0.0454s ]
SQL: SHOW COLUMNS FROM `yd_menu` [ RunTime:0.0465s ]
SQL: SELECT * FROM `yd_menu` WHERE ( id<>'1' )  [ RunTime:0.0470s ]
INFO: [ view_parse ] --START--
INFO: [ template_filter ] --START--
INFO: Run Behavior\ContentReplaceBehavior [ RunTime:0.000341s ]
INFO: [ template_filter ] --END-- [ RunTime:0.000450s ]
INFO: Run Behavior\ParseTemplateBehavior [ RunTime:0.020970s ]
INFO: [ view_parse ] --END-- [ RunTime:0.021092s ]
INFO: [ view_filter ] --START--
INFO: Run Behavior\WriteHtmlCacheBehavior [ RunTime:0.001169s ]
INFO: [ view_filter ] --END-- [ RunTime:0.001268s ]
INFO: [ app_end ] --START--
INFO: Run Behavior\ShowPageTraceBehavior [ RunTime:0.001717s ]
INFO: [ app_end ] --END-- [ RunTime:0.001830s ]

[ 2015-12-28T21:37:15+08:00 ] ::1 /YDesigner/index.php/Design/mainMenu.html?app_id=1&_=1451309834590
INFO: [ app_init ] --START--
INFO: Run Behavior\BuildLiteBehavior [ RunTime:0.000026s ]
INFO: [ app_init ] --END-- [ RunTime:0.000961s ]
INFO: [ app_begin ] --START--
INFO: Run Behavior\ReadHtmlCacheBehavior [ RunTime:0.001133s ]
INFO: [ app_begin ] --END-- [ RunTime:0.001240s ]
SQL: SHOW COLUMNS FROM `yd_app` [ RunTime:0.0442s ]
SQL: SELECT * FROM `yd_app` WHERE ( id='1' )  [ RunTime:0.0442s ]
SQL: SHOW COLUMNS FROM `yd_menu` [ RunTime:0.0454s ]
SQL: SELECT * FROM `yd_menu` WHERE ( id<>'1' and left(code,locate('_',code)-1)='qxj' )  [ RunTime:0.0443s ]
INFO: [ view_parse ] --START--
INFO: [ template_filter ] --START--
INFO: Run Behavior\ContentReplaceBehavior [ RunTime:0.000079s ]
INFO: [ template_filter ] --END-- [ RunTime:0.000183s ]
INFO: Run Behavior\ParseTemplateBehavior [ RunTime:0.014464s ]
INFO: [ view_parse ] --END-- [ RunTime:0.014609s ]
INFO: [ view_filter ] --START--
INFO: Run Behavior\WriteHtmlCacheBehavior [ RunTime:0.001158s ]
INFO: [ view_filter ] --END-- [ RunTime:0.001266s ]
INFO: [ app_end ] --START--
INFO: Run Behavior\ShowPageTraceBehavior [ RunTime:0.001640s ]
INFO: [ app_end ] --END-- [ RunTime:0.001742s ]

[ 2015-12-28T21:37:17+08:00 ] ::1 /YDesigner/index.php/Design/editEvent/app_id/1/node_id/6?_=1451309837225
INFO: [ app_init ] --START--
INFO: Run Behavior\BuildLiteBehavior [ RunTime:0.000032s ]
INFO: [ app_init ] --END-- [ RunTime:0.001220s ]
INFO: [ app_begin ] --START--
INFO: Run Behavior\ReadHtmlCacheBehavior [ RunTime:0.001435s ]
INFO: [ app_begin ] --END-- [ RunTime:0.001574s ]
SQL: SHOW COLUMNS FROM `yd_app` [ RunTime:0.0446s ]
SQL: SELECT * FROM `yd_app` WHERE ( id='1' )  [ RunTime:0.0443s ]
SQL: SHOW COLUMNS FROM `yd_menu` [ RunTime:0.0453s ]
SQL: SELECT * FROM `yd_menu` WHERE ( id='6' )  [ RunTime:0.0437s ]
INFO: [ view_parse ] --START--
INFO: [ template_filter ] --START--
INFO: Run Behavior\ContentReplaceBehavior [ RunTime:0.000123s ]
INFO: [ template_filter ] --END-- [ RunTime:0.000225s ]
INFO: Run Behavior\ParseTemplateBehavior [ RunTime:0.016499s ]
INFO: [ view_parse ] --END-- [ RunTime:0.016646s ]
INFO: [ view_filter ] --START--
INFO: Run Behavior\WriteHtmlCacheBehavior [ RunTime:0.001116s ]
INFO: [ view_filter ] --END-- [ RunTime:0.001208s ]
INFO: [ app_end ] --START--
INFO: Run Behavior\ShowPageTraceBehavior [ RunTime:0.001681s ]
INFO: [ app_end ] --END-- [ RunTime:0.001797s ]

[ 2015-12-28T21:41:54+08:00 ] ::1 /YDesigner/index.php/Index/index.html
INFO: [ app_init ] --START--
INFO: Run Behavior\BuildLiteBehavior [ RunTime:0.000031s ]
INFO: [ app_init ] --END-- [ RunTime:0.001340s ]
INFO: [ app_begin ] --START--
INFO: Run Behavior\ReadHtmlCacheBehavior [ RunTime:0.001578s ]
INFO: [ app_begin ] --END-- [ RunTime:0.001737s ]
SQL: SHOW COLUMNS FROM `yd_article` [ RunTime:0.0442s ]
SQL: SELECT COUNT(*) AS tp_count FROM `yd_article` LIMIT 1   [ RunTime:0.0440s ]
SQL: SHOW COLUMNS FROM `yd_user` [ RunTime:0.0444s ]
SQL: SELECT COUNT(*) AS tp_count FROM `yd_user` LIMIT 1   [ RunTime:0.0435s ]
SQL: SHOW COLUMNS FROM `yd_app` [ RunTime:0.0444s ]
SQL: SELECT COUNT(*) AS tp_count FROM `yd_app` LIMIT 1   [ RunTime:0.0436s ]
INFO: [ view_parse ] --START--
INFO: [ template_filter ] --START--
INFO: Run Behavior\ContentReplaceBehavior [ RunTime:0.000242s ]
INFO: [ template_filter ] --END-- [ RunTime:0.000358s ]
INFO: Run Behavior\ParseTemplateBehavior [ RunTime:0.019729s ]
INFO: [ view_parse ] --END-- [ RunTime:0.019848s ]
INFO: [ view_filter ] --START--
INFO: Run Behavior\WriteHtmlCacheBehavior [ RunTime:0.001193s ]
INFO: [ view_filter ] --END-- [ RunTime:0.001295s ]
INFO: [ app_end ] --START--
INFO: Run Behavior\ShowPageTraceBehavior [ RunTime:0.002118s ]
INFO: [ app_end ] --END-- [ RunTime:0.002324s ]

[ 2015-12-28T21:41:59+08:00 ] ::1 /YDesigner/index.php/Design/index/app_id/1.html
INFO: [ app_init ] --START--
INFO: Run Behavior\BuildLiteBehavior [ RunTime:0.000034s ]
INFO: [ app_init ] --END-- [ RunTime:0.001272s ]
INFO: [ app_begin ] --START--
INFO: Run Behavior\ReadHtmlCacheBehavior [ RunTime:0.001446s ]
INFO: [ app_begin ] --END-- [ RunTime:0.001691s ]
SQL: SHOW COLUMNS FROM `yd_app` [ RunTime:0.0444s ]
SQL: SELECT * FROM `yd_app` WHERE ( id='1' )  [ RunTime:0.0437s ]
SQL: SELECT * FROM `yd_app` WHERE ( id='1' )  [ RunTime:0.0444s ]
SQL: SHOW COLUMNS FROM `yd_menu` [ RunTime:0.0448s ]
SQL: SELECT * FROM `yd_menu` WHERE ( id<>'1' )  [ RunTime:0.0449s ]
INFO: [ view_parse ] --START--
INFO: [ template_filter ] --START--
INFO: Run Behavior\ContentReplaceBehavior [ RunTime:0.000332s ]
INFO: [ template_filter ] --END-- [ RunTime:0.000444s ]
INFO: Run Behavior\ParseTemplateBehavior [ RunTime:0.020572s ]
INFO: [ view_parse ] --END-- [ RunTime:0.020689s ]
INFO: [ view_filter ] --START--
INFO: Run Behavior\WriteHtmlCacheBehavior [ RunTime:0.001143s ]
INFO: [ view_filter ] --END-- [ RunTime:0.001242s ]
INFO: [ app_end ] --START--
INFO: Run Behavior\ShowPageTraceBehavior [ RunTime:0.001733s ]
INFO: [ app_end ] --END-- [ RunTime:0.001842s ]

[ 2015-12-28T21:42:01+08:00 ] ::1 /YDesigner/index.php/Design/mainMenu.html?app_id=1&_=1451310120906
INFO: [ app_init ] --START--
INFO: Run Behavior\BuildLiteBehavior [ RunTime:0.000031s ]
INFO: [ app_init ] --END-- [ RunTime:0.001245s ]
INFO: [ app_begin ] --START--
INFO: Run Behavior\ReadHtmlCacheBehavior [ RunTime:0.001429s ]
INFO: [ app_begin ] --END-- [ RunTime:0.001551s ]
SQL: SHOW COLUMNS FROM `yd_app` [ RunTime:0.0457s ]
SQL: SELECT * FROM `yd_app` WHERE ( id='1' )  [ RunTime:0.0455s ]
SQL: SHOW COLUMNS FROM `yd_menu` [ RunTime:0.0458s ]
SQL: SELECT * FROM `yd_menu` WHERE ( id<>'1' and left(code,locate('_',code)-1)='qxj' )  [ RunTime:0.0458s ]
INFO: [ view_parse ] --START--
INFO: [ template_filter ] --START--
INFO: Run Behavior\ContentReplaceBehavior [ RunTime:0.000079s ]
INFO: [ template_filter ] --END-- [ RunTime:0.000180s ]
INFO: Run Behavior\ParseTemplateBehavior [ RunTime:0.013386s ]
INFO: [ view_parse ] --END-- [ RunTime:0.013535s ]
INFO: [ view_filter ] --START--
INFO: Run Behavior\WriteHtmlCacheBehavior [ RunTime:0.001418s ]
INFO: [ view_filter ] --END-- [ RunTime:0.001578s ]
INFO: [ app_end ] --START--
INFO: Run Behavior\ShowPageTraceBehavior [ RunTime:0.002201s ]
INFO: [ app_end ] --END-- [ RunTime:0.002331s ]

[ 2015-12-28T21:42:05+08:00 ] ::1 /YDesigner/index.php/Design/editEvent/app_id/1/node_id/6?_=1451310124607
INFO: [ app_init ] --START--
INFO: Run Behavior\BuildLiteBehavior [ RunTime:0.000039s ]
INFO: [ app_init ] --END-- [ RunTime:0.001261s ]
INFO: [ app_begin ] --START--
INFO: Run Behavior\ReadHtmlCacheBehavior [ RunTime:0.001445s ]
INFO: [ app_begin ] --END-- [ RunTime:0.001589s ]
SQL: SHOW COLUMNS FROM `yd_app` [ RunTime:0.0478s ]
SQL: SELECT * FROM `yd_app` WHERE ( id='1' )  [ RunTime:0.0449s ]
SQL: SHOW COLUMNS FROM `yd_menu` [ RunTime:0.0453s ]
SQL: SELECT * FROM `yd_menu` WHERE ( id='6' )  [ RunTime:0.0446s ]
INFO: [ view_parse ] --START--
INFO: [ template_filter ] --START--
INFO: Run Behavior\ContentReplaceBehavior [ RunTime:0.000130s ]
INFO: [ template_filter ] --END-- [ RunTime:0.000239s ]
INFO: Run Behavior\ParseTemplateBehavior [ RunTime:0.016670s ]
INFO: [ view_parse ] --END-- [ RunTime:0.016836s ]
INFO: [ view_filter ] --START--
INFO: Run Behavior\WriteHtmlCacheBehavior [ RunTime:0.001150s ]
INFO: [ view_filter ] --END-- [ RunTime:0.001248s ]
INFO: [ app_end ] --START--
INFO: Run Behavior\ShowPageTraceBehavior [ RunTime:0.001655s ]
INFO: [ app_end ] --END-- [ RunTime:0.001761s ]

[ 2015-12-28T21:42:09+08:00 ] ::1 /YDesigner/index.php/Design/editEvent/app_id/1/node_id/6?_=1451310124607
INFO: [ app_init ] --START--
INFO: Run Behavior\BuildLiteBehavior [ RunTime:0.000032s ]
INFO: [ app_init ] --END-- [ RunTime:0.000997s ]
INFO: [ app_begin ] --START--
INFO: Run Behavior\ReadHtmlCacheBehavior [ RunTime:0.001120s ]
INFO: [ app_begin ] --END-- [ RunTime:0.001240s ]
SQL: SHOW COLUMNS FROM `yd_app` [ RunTime:0.0459s ]
SQL: SELECT * FROM `yd_app` WHERE ( id='1' )  [ RunTime:0.0455s ]
SQL: SHOW COLUMNS FROM `yd_menu` [ RunTime:0.0459s ]
SQL: UPDATE `yd_menu` SET `url`='/YDesigner/index.php/Template/Index/index.html?app_id=1&menu_id=6',`target`='navTab' WHERE ( id='6' ) [ RunTime:0.0557s ]

[ 2015-12-28T21:42:10+08:00 ] ::1 /YDesigner/index.php/Design/mainMenu.html?app_id=1&_=1451310129530
INFO: [ app_init ] --START--
INFO: Run Behavior\BuildLiteBehavior [ RunTime:0.000034s ]
INFO: [ app_init ] --END-- [ RunTime:0.001253s ]
INFO: [ app_begin ] --START--
INFO: Run Behavior\ReadHtmlCacheBehavior [ RunTime:0.002084s ]
INFO: [ app_begin ] --END-- [ RunTime:0.002255s ]
SQL: SHOW COLUMNS FROM `yd_app` [ RunTime:0.0463s ]
SQL: SELECT * FROM `yd_app` WHERE ( id='1' )  [ RunTime:0.0451s ]
SQL: SHOW COLUMNS FROM `yd_menu` [ RunTime:0.0461s ]
SQL: SELECT * FROM `yd_menu` WHERE ( id<>'1' and left(code,locate('_',code)-1)='qxj' )  [ RunTime:0.0455s ]
INFO: [ view_parse ] --START--
INFO: [ template_filter ] --START--
INFO: Run Behavior\ContentReplaceBehavior [ RunTime:0.000080s ]
INFO: [ template_filter ] --END-- [ RunTime:0.000184s ]
INFO: Run Behavior\ParseTemplateBehavior [ RunTime:0.013426s ]
INFO: [ view_parse ] --END-- [ RunTime:0.013570s ]
INFO: [ view_filter ] --START--
INFO: Run Behavior\WriteHtmlCacheBehavior [ RunTime:0.001103s ]
INFO: [ view_filter ] --END-- [ RunTime:0.001199s ]
INFO: [ app_end ] --START--
INFO: Run Behavior\ShowPageTraceBehavior [ RunTime:0.001667s ]
INFO: [ app_end ] --END-- [ RunTime:0.001771s ]

[ 2015-12-28T21:42:14+08:00 ] ::1 /YDesigner/index.php/Design/editEvent/app_id/1/node_id/6?_=1451310133554
INFO: [ app_init ] --START--
INFO: Run Behavior\BuildLiteBehavior [ RunTime:0.000032s ]
INFO: [ app_init ] --END-- [ RunTime:0.001192s ]
INFO: [ app_begin ] --START--
INFO: Run Behavior\ReadHtmlCacheBehavior [ RunTime:0.001802s ]
INFO: [ app_begin ] --END-- [ RunTime:0.001942s ]
SQL: SHOW COLUMNS FROM `yd_app` [ RunTime:0.0481s ]
SQL: SELECT * FROM `yd_app` WHERE ( id='1' )  [ RunTime:0.0470s ]
SQL: SHOW COLUMNS FROM `yd_menu` [ RunTime:0.0474s ]
SQL: SELECT * FROM `yd_menu` WHERE ( id='6' )  [ RunTime:0.0472s ]
INFO: [ view_parse ] --START--
INFO: [ template_filter ] --START--
INFO: Run Behavior\ContentReplaceBehavior [ RunTime:0.000094s ]
INFO: [ template_filter ] --END-- [ RunTime:0.000181s ]
INFO: Run Behavior\ParseTemplateBehavior [ RunTime:0.012984s ]
INFO: [ view_parse ] --END-- [ RunTime:0.013109s ]
INFO: [ view_filter ] --START--
INFO: Run Behavior\WriteHtmlCacheBehavior [ RunTime:0.000902s ]
INFO: [ view_filter ] --END-- [ RunTime:0.000985s ]
INFO: [ app_end ] --START--
INFO: Run Behavior\ShowPageTraceBehavior [ RunTime:0.001371s ]
INFO: [ app_end ] --END-- [ RunTime:0.001465s ]

[ 2015-12-28T21:42:58+08:00 ] ::1 /YDesigner/index.php/Template/Index/index.html?app_id=1&menu_id=6&_=1451310177934
INFO: [ app_init ] --START--
INFO: Run Behavior\BuildLiteBehavior [ RunTime:0.000034s ]
INFO: [ app_init ] --END-- [ RunTime:0.001441s ]
INFO: [ app_begin ] --START--
INFO: Run Behavior\ReadHtmlCacheBehavior [ RunTime:0.001627s ]
INFO: [ app_begin ] --END-- [ RunTime:0.001751s ]
SQL: SHOW COLUMNS FROM `yd_user` [ RunTime:0.0457s ]
SQL: SELECT COUNT(*) AS tp_count FROM `yd_user` WHERE `name` LIKE '%%' LIMIT 1   [ RunTime:0.0450s ]
SQL: SELECT * FROM `yd_user` WHERE `name` LIKE '%%' ORDER BY id LIMIT 0,100   [ RunTime:0.0446s ]
INFO: [ view_parse ] --START--
INFO: [ template_filter ] --START--
INFO: Run Behavior\ContentReplaceBehavior [ RunTime:0.000157s ]
INFO: [ template_filter ] --END-- [ RunTime:0.000264s ]
INFO: Run Behavior\ParseTemplateBehavior [ RunTime:0.020625s ]
INFO: [ view_parse ] --END-- [ RunTime:0.020776s ]
INFO: [ view_filter ] --START--
INFO: Run Behavior\WriteHtmlCacheBehavior [ RunTime:0.001225s ]
INFO: [ view_filter ] --END-- [ RunTime:0.001318s ]
INFO: [ app_end ] --START--
INFO: Run Behavior\ShowPageTraceBehavior [ RunTime:0.001671s ]
INFO: [ app_end ] --END-- [ RunTime:0.001777s ]

[ 2015-12-28T21:43:02+08:00 ] ::1 /YDesigner/index.php/Template/Index/index.html?app_id=1&menu_id=6&_=1451310182100
INFO: [ app_init ] --START--
INFO: Run Behavior\BuildLiteBehavior [ RunTime:0.000033s ]
INFO: [ app_init ] --END-- [ RunTime:0.001209s ]
INFO: [ app_begin ] --START--
INFO: Run Behavior\ReadHtmlCacheBehavior [ RunTime:0.001445s ]
INFO: [ app_begin ] --END-- [ RunTime:0.001566s ]
SQL: SHOW COLUMNS FROM `yd_user` [ RunTime:0.0457s ]
SQL: SELECT COUNT(*) AS tp_count FROM `yd_user` WHERE `name` LIKE '%%' LIMIT 1   [ RunTime:0.0447s ]
SQL: SELECT * FROM `yd_user` WHERE `name` LIKE '%%' ORDER BY id LIMIT 0,100   [ RunTime:0.0445s ]
INFO: [ view_parse ] --START--
INFO: [ template_filter ] --START--
INFO: Run Behavior\ContentReplaceBehavior [ RunTime:0.000160s ]
INFO: [ template_filter ] --END-- [ RunTime:0.000262s ]
INFO: Run Behavior\ParseTemplateBehavior [ RunTime:0.020230s ]
INFO: [ view_parse ] --END-- [ RunTime:0.020366s ]
INFO: [ view_filter ] --START--
INFO: Run Behavior\WriteHtmlCacheBehavior [ RunTime:0.001122s ]
INFO: [ view_filter ] --END-- [ RunTime:0.001206s ]
INFO: [ app_end ] --START--
INFO: Run Behavior\ShowPageTraceBehavior [ RunTime:0.002053s ]
INFO: [ app_end ] --END-- [ RunTime:0.002165s ]

