[ 2016-01-28T18:42:02+08:00 ] ::1 /YD/index.php/Admin
INFO: [ app_init ] --START--
INFO: Run Behavior\BuildLiteBehavior [ RunTime:0.000031s ]
INFO: [ app_init ] --END-- [ RunTime:0.001150s ]
INFO: [ app_begin ] --START--
INFO: Run Behavior\ReadHtmlCacheBehavior [ RunTime:0.001320s ]
INFO: [ app_begin ] --END-- [ RunTime:0.001455s ]

[ 2016-01-28T18:42:02+08:00 ] ::1 /YD/index.php/Admin/Login/index.html
INFO: [ app_init ] --START--
INFO: Run Behavior\BuildLiteBehavior [ RunTime:0.000031s ]
INFO: [ app_init ] --END-- [ RunTime:0.001119s ]
INFO: [ app_begin ] --START--
INFO: Run Behavior\ReadHtmlCacheBehavior [ RunTime:0.001472s ]
INFO: [ app_begin ] --END-- [ RunTime:0.001605s ]
INFO: [ view_parse ] --START--
INFO: [ template_filter ] --START--
INFO: Run Behavior\ContentReplaceBehavior [ RunTime:0.000168s ]
INFO: [ template_filter ] --END-- [ RunTime:0.000292s ]
INFO: Run Behavior\ParseTemplateBehavior [ RunTime:0.046206s ]
INFO: [ view_parse ] --END-- [ RunTime:0.046339s ]
INFO: [ view_filter ] --START--
INFO: Run Behavior\WriteHtmlCacheBehavior [ RunTime:0.000820s ]
INFO: [ view_filter ] --END-- [ RunTime:0.000937s ]
INFO: [ app_end ] --START--
INFO: Run Behavior\ShowPageTraceBehavior [ RunTime:0.001458s ]
INFO: [ app_end ] --END-- [ RunTime:0.001571s ]

[ 2016-01-28T18:42:09+08:00 ] ::1 /YD/index.php/Admin/Login/login.html
INFO: [ app_init ] --START--
INFO: Run Behavior\BuildLiteBehavior [ RunTime:0.000029s ]
INFO: [ app_init ] --END-- [ RunTime:0.001148s ]
INFO: [ app_begin ] --START--
INFO: Run Behavior\ReadHtmlCacheBehavior [ RunTime:0.001273s ]
INFO: [ app_begin ] --END-- [ RunTime:0.001393s ]
SQL: SHOW COLUMNS FROM `yd_user` [ RunTime:0.0516s ]
SQL: SELECT * FROM `yd_user` WHERE ( username='admin' and password='gnh02n2leqiyp3Kus3R3cw' )  [ RunTime:0.0512s ]

[ 2016-01-28T18:42:17+08:00 ] ::1 /YD/index.php/Admin/Login/login.html
INFO: [ app_init ] --START--
INFO: Run Behavior\BuildLiteBehavior [ RunTime:0.000029s ]
INFO: [ app_init ] --END-- [ RunTime:0.001141s ]
INFO: [ app_begin ] --START--
INFO: Run Behavior\ReadHtmlCacheBehavior [ RunTime:0.001251s ]
INFO: [ app_begin ] --END-- [ RunTime:0.001369s ]
SQL: SHOW COLUMNS FROM `yd_user` [ RunTime:0.0500s ]
SQL: SELECT * FROM `yd_user` WHERE ( username='admin' and password='gnh02n2leqiyp3Kus3SVaoZ6mGWve69u' )  [ RunTime:0.0492s ]
SQL: UPDATE `yd_user` SET `last_login_time`='1453977737' WHERE ( id='3' ) [ RunTime:0.0679s ]

[ 2016-01-28T18:42:17+08:00 ] ::1 /YD/index.php/Admin/Index/index.html
INFO: [ app_init ] --START--
INFO: Run Behavior\BuildLiteBehavior [ RunTime:0.000032s ]
INFO: [ app_init ] --END-- [ RunTime:0.001129s ]
INFO: [ app_begin ] --START--
INFO: Run Behavior\ReadHtmlCacheBehavior [ RunTime:0.001445s ]
INFO: [ app_begin ] --END-- [ RunTime:0.001577s ]
SQL: SHOW COLUMNS FROM `yd_article` [ RunTime:0.0526s ]
SQL: SELECT COUNT(*) AS tp_count FROM `yd_article` LIMIT 1   [ RunTime:0.0519s ]
SQL: SHOW COLUMNS FROM `yd_user` [ RunTime:0.0522s ]
SQL: SELECT COUNT(*) AS tp_count FROM `yd_user` LIMIT 1   [ RunTime:0.0525s ]
INFO: [ view_parse ] --START--
INFO: [ template_filter ] --START--
INFO: Run Behavior\ContentReplaceBehavior [ RunTime:0.000245s ]
INFO: [ template_filter ] --END-- [ RunTime:0.000370s ]
INFO: Run Behavior\ParseTemplateBehavior [ RunTime:0.033951s ]
INFO: [ view_parse ] --END-- [ RunTime:0.034072s ]
INFO: [ view_filter ] --START--
INFO: Run Behavior\WriteHtmlCacheBehavior [ RunTime:0.000860s ]
INFO: [ view_filter ] --END-- [ RunTime:0.000966s ]
INFO: [ app_end ] --START--
INFO: Run Behavior\ShowPageTraceBehavior [ RunTime:0.001372s ]
INFO: [ app_end ] --END-- [ RunTime:0.001479s ]

[ 2016-01-28T18:42:45+08:00 ] ::1 /YD/index.php/Admin/Article/index.html?_=1453977765316
INFO: [ app_init ] --START--
INFO: Run Behavior\BuildLiteBehavior [ RunTime:0.000032s ]
INFO: [ app_init ] --END-- [ RunTime:0.001259s ]
INFO: [ app_begin ] --START--
INFO: Run Behavior\ReadHtmlCacheBehavior [ RunTime:0.001319s ]
INFO: [ app_begin ] --END-- [ RunTime:0.001437s ]
SQL: SHOW COLUMNS FROM `yd_article` [ RunTime:0.0515s ]
SQL: SELECT COUNT(*) AS tp_count FROM `yd_article` WHERE `title` LIKE '%%' AND `user_id` = '3' LIMIT 1   [ RunTime:0.0499s ]
SQL: SELECT yd_article.id,yd_column.name category,yd_article.title,yd_user.name user_name,yd_article.time,yd_article.comment FROM `yd_article` left join yd_user on yd_user.id=yd_article.user_id left join yd_column on yd_column.id=yd_article.column_id  WHERE `title` LIKE '%%' AND `user_id` = '3' ORDER BY yd_article.id desc LIMIT 0,100   [ RunTime:0.0515s ]
INFO: [ view_parse ] --START--
INFO: [ template_filter ] --START--
INFO: Run Behavior\ContentReplaceBehavior [ RunTime:0.000146s ]
INFO: [ template_filter ] --END-- [ RunTime:0.000249s ]
INFO: Run Behavior\ParseTemplateBehavior [ RunTime:0.061529s ]
INFO: [ view_parse ] --END-- [ RunTime:0.061650s ]
INFO: [ view_filter ] --START--
INFO: Run Behavior\WriteHtmlCacheBehavior [ RunTime:0.000832s ]
INFO: [ view_filter ] --END-- [ RunTime:0.000925s ]
INFO: [ app_end ] --START--
INFO: Run Behavior\ShowPageTraceBehavior [ RunTime:0.001334s ]
INFO: [ app_end ] --END-- [ RunTime:0.001437s ]

[ 2016-01-28T18:43:18+08:00 ] ::1 /YD/index.php/Admin/Index/index.html
INFO: [ app_init ] --START--
INFO: Run Behavior\BuildLiteBehavior [ RunTime:0.000032s ]
INFO: [ app_init ] --END-- [ RunTime:0.001224s ]
INFO: [ app_begin ] --START--
INFO: Run Behavior\ReadHtmlCacheBehavior [ RunTime:0.001325s ]
INFO: [ app_begin ] --END-- [ RunTime:0.001453s ]
SQL: SHOW COLUMNS FROM `yd_article` [ RunTime:0.0505s ]
SQL: SELECT COUNT(*) AS tp_count FROM `yd_article` LIMIT 1   [ RunTime:0.0499s ]
SQL: SHOW COLUMNS FROM `yd_user` [ RunTime:0.0503s ]
SQL: SELECT COUNT(*) AS tp_count FROM `yd_user` LIMIT 1   [ RunTime:0.0498s ]
INFO: [ view_parse ] --START--
INFO: [ template_filter ] --START--
INFO: Run Behavior\ContentReplaceBehavior [ RunTime:0.000248s ]
INFO: [ template_filter ] --END-- [ RunTime:0.000370s ]
INFO: Run Behavior\ParseTemplateBehavior [ RunTime:0.016791s ]
INFO: [ view_parse ] --END-- [ RunTime:0.016909s ]
INFO: [ view_filter ] --START--
INFO: Run Behavior\WriteHtmlCacheBehavior [ RunTime:0.000840s ]
INFO: [ view_filter ] --END-- [ RunTime:0.000940s ]
INFO: [ app_end ] --START--
INFO: Run Behavior\ShowPageTraceBehavior [ RunTime:0.001345s ]
INFO: [ app_end ] --END-- [ RunTime:0.001451s ]

[ 2016-01-28T18:43:19+08:00 ] ::1 /YD/index.php/Admin/Article/index.html?_=1453977799673
INFO: [ app_init ] --START--
INFO: Run Behavior\BuildLiteBehavior [ RunTime:0.000031s ]
INFO: [ app_init ] --END-- [ RunTime:0.001161s ]
INFO: [ app_begin ] --START--
INFO: Run Behavior\ReadHtmlCacheBehavior [ RunTime:0.001441s ]
INFO: [ app_begin ] --END-- [ RunTime:0.001564s ]

[ 2016-01-28T18:43:27+08:00 ] ::1 /YD/index.php/Admin/Article/index.html?_=1453977807267
INFO: [ app_init ] --START--
INFO: Run Behavior\BuildLiteBehavior [ RunTime:0.000034s ]
INFO: [ app_init ] --END-- [ RunTime:0.001155s ]
INFO: [ app_begin ] --START--
INFO: Run Behavior\ReadHtmlCacheBehavior [ RunTime:0.001430s ]
INFO: [ app_begin ] --END-- [ RunTime:0.001577s ]

[ 2016-01-28T18:43:40+08:00 ] ::1 /YD/index.php/Admin/Column/index.html?_=1453977819502
INFO: [ app_init ] --START--
INFO: Run Behavior\BuildLiteBehavior [ RunTime:0.000030s ]
INFO: [ app_init ] --END-- [ RunTime:0.001144s ]
INFO: [ app_begin ] --START--
INFO: Run Behavior\ReadHtmlCacheBehavior [ RunTime:0.001330s ]
INFO: [ app_begin ] --END-- [ RunTime:0.001449s ]
SQL: SHOW COLUMNS FROM `yd_column` [ RunTime:0.0515s ]
SQL: SELECT COUNT(*) AS tp_count FROM `yd_column` WHERE `name` LIKE '%%' LIMIT 1   [ RunTime:0.0502s ]
SQL: SELECT * FROM `yd_column` WHERE `name` LIKE '%%' ORDER BY id LIMIT 0,100   [ RunTime:0.0505s ]
INFO: [ view_parse ] --START--
INFO: [ template_filter ] --START--
INFO: Run Behavior\ContentReplaceBehavior [ RunTime:0.000153s ]
INFO: [ template_filter ] --END-- [ RunTime:0.000258s ]
INFO: Run Behavior\ParseTemplateBehavior [ RunTime:0.060917s ]
INFO: [ view_parse ] --END-- [ RunTime:0.061044s ]
INFO: [ view_filter ] --START--
INFO: Run Behavior\WriteHtmlCacheBehavior [ RunTime:0.000834s ]
INFO: [ view_filter ] --END-- [ RunTime:0.000925s ]
INFO: [ app_end ] --START--
INFO: Run Behavior\ShowPageTraceBehavior [ RunTime:0.001333s ]
INFO: [ app_end ] --END-- [ RunTime:0.001431s ]

[ 2016-01-28T18:43:42+08:00 ] ::1 /YD/index.php/Admin/Article/index.html?_=1453977822572
INFO: [ app_init ] --START--
INFO: Run Behavior\BuildLiteBehavior [ RunTime:0.000031s ]
INFO: [ app_init ] --END-- [ RunTime:0.001147s ]
INFO: [ app_begin ] --START--
INFO: Run Behavior\ReadHtmlCacheBehavior [ RunTime:0.001387s ]
INFO: [ app_begin ] --END-- [ RunTime:0.001504s ]

[ 2016-01-28T18:43:50+08:00 ] ::1 /YD/index.php/Admin/Article/index.html?_=1453977830728
INFO: [ app_init ] --START--
INFO: Run Behavior\BuildLiteBehavior [ RunTime:0.000033s ]
INFO: [ app_init ] --END-- [ RunTime:0.001279s ]
INFO: [ app_begin ] --START--
INFO: Run Behavior\ReadHtmlCacheBehavior [ RunTime:0.001361s ]
INFO: [ app_begin ] --END-- [ RunTime:0.001484s ]

[ 2016-01-28T18:44:18+08:00 ] ::1 /YD/index.php/Admin/Index/index.html
INFO: [ app_init ] --START--
INFO: Run Behavior\BuildLiteBehavior [ RunTime:0.000032s ]
INFO: [ app_init ] --END-- [ RunTime:0.001269s ]
INFO: [ app_begin ] --START--
INFO: Run Behavior\ReadHtmlCacheBehavior [ RunTime:0.001619s ]
INFO: [ app_begin ] --END-- [ RunTime:0.001754s ]
SQL: SHOW COLUMNS FROM `yd_article` [ RunTime:0.0497s ]
SQL: SELECT COUNT(*) AS tp_count FROM `yd_article` LIMIT 1   [ RunTime:0.0489s ]
SQL: SHOW COLUMNS FROM `yd_user` [ RunTime:0.0500s ]
SQL: SELECT COUNT(*) AS tp_count FROM `yd_user` LIMIT 1   [ RunTime:0.0494s ]
INFO: [ view_parse ] --START--
INFO: [ template_filter ] --START--
INFO: Run Behavior\ContentReplaceBehavior [ RunTime:0.000258s ]
INFO: [ template_filter ] --END-- [ RunTime:0.000373s ]
INFO: Run Behavior\ParseTemplateBehavior [ RunTime:0.018139s ]
INFO: [ view_parse ] --END-- [ RunTime:0.018316s ]
INFO: [ view_filter ] --START--
INFO: Run Behavior\WriteHtmlCacheBehavior [ RunTime:0.001230s ]
INFO: [ view_filter ] --END-- [ RunTime:0.001335s ]
INFO: [ app_end ] --START--
INFO: Run Behavior\ShowPageTraceBehavior [ RunTime:0.001544s ]
INFO: [ app_end ] --END-- [ RunTime:0.001754s ]

[ 2016-01-28T18:44:21+08:00 ] ::1 /YD/index.php/Admin/Article/index.html?_=1453977861077
INFO: [ app_init ] --START--
INFO: Run Behavior\BuildLiteBehavior [ RunTime:0.000041s ]
INFO: [ app_init ] --END-- [ RunTime:0.001174s ]
INFO: [ app_begin ] --START--
INFO: Run Behavior\ReadHtmlCacheBehavior [ RunTime:0.001306s ]
INFO: [ app_begin ] --END-- [ RunTime:0.001438s ]

[ 2016-01-28T18:47:28+08:00 ] ::1 /YD/index.php/Admin/Index/index.html
INFO: [ app_init ] --START--
INFO: Run Behavior\BuildLiteBehavior [ RunTime:0.000032s ]
INFO: [ app_init ] --END-- [ RunTime:0.001266s ]
INFO: [ app_begin ] --START--
INFO: Run Behavior\ReadHtmlCacheBehavior [ RunTime:0.001448s ]
INFO: [ app_begin ] --END-- [ RunTime:0.001584s ]
SQL: SHOW COLUMNS FROM `yd_article` [ RunTime:0.0492s ]
SQL: SELECT COUNT(*) AS tp_count FROM `yd_article` LIMIT 1   [ RunTime:0.0481s ]
SQL: SHOW COLUMNS FROM `yd_user` [ RunTime:0.0480s ]
SQL: SELECT COUNT(*) AS tp_count FROM `yd_user` LIMIT 1   [ RunTime:0.0476s ]
INFO: [ view_parse ] --START--
INFO: [ template_filter ] --START--
INFO: Run Behavior\ContentReplaceBehavior [ RunTime:0.000267s ]
INFO: [ template_filter ] --END-- [ RunTime:0.000386s ]
INFO: Run Behavior\ParseTemplateBehavior [ RunTime:0.017731s ]
INFO: [ view_parse ] --END-- [ RunTime:0.017883s ]
INFO: [ view_filter ] --START--
INFO: Run Behavior\WriteHtmlCacheBehavior [ RunTime:0.001070s ]
INFO: [ view_filter ] --END-- [ RunTime:0.001198s ]
INFO: [ app_end ] --START--
INFO: Run Behavior\ShowPageTraceBehavior [ RunTime:0.001475s ]
INFO: [ app_end ] --END-- [ RunTime:0.001580s ]

[ 2016-01-28T18:47:30+08:00 ] ::1 /YD/index.php/Admin/Article/index.html?_=1453978050122
INFO: [ app_init ] --START--
INFO: Run Behavior\BuildLiteBehavior [ RunTime:0.000031s ]
INFO: [ app_init ] --END-- [ RunTime:0.001150s ]
INFO: [ app_begin ] --START--
INFO: Run Behavior\ReadHtmlCacheBehavior [ RunTime:0.001350s ]
INFO: [ app_begin ] --END-- [ RunTime:0.001476s ]
SQL: SHOW COLUMNS FROM `yd_article` [ RunTime:0.0488s ]
SQL: SELECT COUNT(*) AS tp_count FROM `yd_article` WHERE `title` LIKE '%%' AND `user_id` = '3' LIMIT 1   [ RunTime:0.0488s ]
SQL: SELECT yd_article.id,yd_column.name category,yd_article.title,yd_user.name user_name,yd_article.time,yd_article.comment FROM `yd_article` left join yd_user on yd_user.id=yd_article.user_id left join yd_column on yd_column.id=yd_article.column_id  WHERE `title` LIKE '%%' AND `user_id` = '3' ORDER BY yd_article.id desc LIMIT 0,100   [ RunTime:0.0493s ]
INFO: [ view_parse ] --START--
INFO: [ template_filter ] --START--
INFO: Run Behavior\ContentReplaceBehavior [ RunTime:0.000147s ]
INFO: [ template_filter ] --END-- [ RunTime:0.000253s ]
INFO: Run Behavior\ParseTemplateBehavior [ RunTime:0.017666s ]
INFO: [ view_parse ] --END-- [ RunTime:0.017784s ]
INFO: [ view_filter ] --START--
INFO: Run Behavior\WriteHtmlCacheBehavior [ RunTime:0.000968s ]
INFO: [ view_filter ] --END-- [ RunTime:0.001064s ]
INFO: [ app_end ] --START--
INFO: Run Behavior\ShowPageTraceBehavior [ RunTime:0.001364s ]
INFO: [ app_end ] --END-- [ RunTime:0.001467s ]

[ 2016-01-28T18:47:43+08:00 ] ::1 /YD/index.php/Admin
INFO: [ app_init ] --START--
INFO: Run Behavior\BuildLiteBehavior [ RunTime:0.000033s ]
INFO: [ app_init ] --END-- [ RunTime:0.001194s ]
INFO: [ app_begin ] --START--
INFO: Run Behavior\ReadHtmlCacheBehavior [ RunTime:0.001377s ]
INFO: [ app_begin ] --END-- [ RunTime:0.001543s ]
SQL: SHOW COLUMNS FROM `yd_article` [ RunTime:0.0485s ]
SQL: SELECT COUNT(*) AS tp_count FROM `yd_article` LIMIT 1   [ RunTime:0.0470s ]
SQL: SHOW COLUMNS FROM `yd_user` [ RunTime:0.0480s ]
SQL: SELECT COUNT(*) AS tp_count FROM `yd_user` LIMIT 1   [ RunTime:0.0474s ]
INFO: [ view_parse ] --START--
INFO: [ template_filter ] --START--
INFO: Run Behavior\ContentReplaceBehavior [ RunTime:0.000248s ]
INFO: [ template_filter ] --END-- [ RunTime:0.000360s ]
INFO: Run Behavior\ParseTemplateBehavior [ RunTime:0.016420s ]
INFO: [ view_parse ] --END-- [ RunTime:0.016541s ]
INFO: [ view_filter ] --START--
INFO: Run Behavior\WriteHtmlCacheBehavior [ RunTime:0.000777s ]
INFO: [ view_filter ] --END-- [ RunTime:0.000867s ]
INFO: [ app_end ] --START--
INFO: Run Behavior\ShowPageTraceBehavior [ RunTime:0.001305s ]
INFO: [ app_end ] --END-- [ RunTime:0.001407s ]

[ 2016-01-28T18:48:01+08:00 ] ::1 /YD/index.php/Admin/Login/logout.html
INFO: [ app_init ] --START--
INFO: Run Behavior\BuildLiteBehavior [ RunTime:0.000032s ]
INFO: [ app_init ] --END-- [ RunTime:0.001130s ]
INFO: [ app_begin ] --START--
INFO: Run Behavior\ReadHtmlCacheBehavior [ RunTime:0.001348s ]
INFO: [ app_begin ] --END-- [ RunTime:0.001483s ]

[ 2016-01-28T18:48:01+08:00 ] ::1 /YD/index.php/Admin/Login/index.html
INFO: [ app_init ] --START--
INFO: Run Behavior\BuildLiteBehavior [ RunTime:0.000031s ]
INFO: [ app_init ] --END-- [ RunTime:0.001154s ]
INFO: [ app_begin ] --START--
INFO: Run Behavior\ReadHtmlCacheBehavior [ RunTime:0.001338s ]
INFO: [ app_begin ] --END-- [ RunTime:0.001465s ]
INFO: [ view_parse ] --START--
INFO: [ template_filter ] --START--
INFO: Run Behavior\ContentReplaceBehavior [ RunTime:0.000169s ]
INFO: [ template_filter ] --END-- [ RunTime:0.000291s ]
INFO: Run Behavior\ParseTemplateBehavior [ RunTime:0.013253s ]
INFO: [ view_parse ] --END-- [ RunTime:0.013369s ]
INFO: [ view_filter ] --START--
INFO: Run Behavior\WriteHtmlCacheBehavior [ RunTime:0.000849s ]
INFO: [ view_filter ] --END-- [ RunTime:0.000945s ]
INFO: [ app_end ] --START--
INFO: Run Behavior\ShowPageTraceBehavior [ RunTime:0.001418s ]
INFO: [ app_end ] --END-- [ RunTime:0.001536s ]

[ 2016-01-28T18:48:04+08:00 ] ::1 /YD/index.php/Admin/Article/index.html?_=1453978084647
INFO: [ app_init ] --START--
INFO: Run Behavior\BuildLiteBehavior [ RunTime:0.000033s ]
INFO: [ app_init ] --END-- [ RunTime:0.001230s ]
INFO: [ app_begin ] --START--
INFO: Run Behavior\ReadHtmlCacheBehavior [ RunTime:0.001354s ]
INFO: [ app_begin ] --END-- [ RunTime:0.001473s ]

[ 2016-01-28T18:48:17+08:00 ] ::1 /YD/index.php/Admin/Index/index.html
INFO: [ app_init ] --START--
INFO: Run Behavior\BuildLiteBehavior [ RunTime:0.000031s ]
INFO: [ app_init ] --END-- [ RunTime:0.001123s ]
INFO: [ app_begin ] --START--
INFO: Run Behavior\ReadHtmlCacheBehavior [ RunTime:0.001502s ]
INFO: [ app_begin ] --END-- [ RunTime:0.001641s ]

[ 2016-01-28T18:48:17+08:00 ] ::1 /YD/index.php/Admin/Login/index.html
INFO: [ app_init ] --START--
INFO: Run Behavior\BuildLiteBehavior [ RunTime:0.000030s ]
INFO: [ app_init ] --END-- [ RunTime:0.001085s ]
INFO: [ app_begin ] --START--
INFO: Run Behavior\ReadHtmlCacheBehavior [ RunTime:0.001333s ]
INFO: [ app_begin ] --END-- [ RunTime:0.001464s ]
INFO: [ view_parse ] --START--
INFO: [ template_filter ] --START--
INFO: Run Behavior\ContentReplaceBehavior [ RunTime:0.000158s ]
INFO: [ template_filter ] --END-- [ RunTime:0.000275s ]
INFO: Run Behavior\ParseTemplateBehavior [ RunTime:0.012908s ]
INFO: [ view_parse ] --END-- [ RunTime:0.013029s ]
INFO: [ view_filter ] --START--
INFO: Run Behavior\WriteHtmlCacheBehavior [ RunTime:0.000851s ]
INFO: [ view_filter ] --END-- [ RunTime:0.000949s ]
INFO: [ app_end ] --START--
INFO: Run Behavior\ShowPageTraceBehavior [ RunTime:0.001366s ]
INFO: [ app_end ] --END-- [ RunTime:0.001471s ]

[ 2016-01-28T18:48:37+08:00 ] ::1 /YD/index.php/Admin/Login/login.html
INFO: [ app_init ] --START--
INFO: Run Behavior\BuildLiteBehavior [ RunTime:0.000029s ]
INFO: [ app_init ] --END-- [ RunTime:0.001080s ]
INFO: [ app_begin ] --START--
INFO: Run Behavior\ReadHtmlCacheBehavior [ RunTime:0.001284s ]
INFO: [ app_begin ] --END-- [ RunTime:0.001406s ]
SQL: SHOW COLUMNS FROM `yd_user` [ RunTime:0.0485s ]
SQL: SELECT * FROM `yd_user` WHERE ( username='admin' and password='gnh02n2leqiyp3Kus3R3cw' )  [ RunTime:0.0476s ]

[ 2016-01-28T18:48:44+08:00 ] ::1 /YD/index.php/Admin/Login/login.html
INFO: [ app_init ] --START--
INFO: Run Behavior\BuildLiteBehavior [ RunTime:0.000030s ]
INFO: [ app_init ] --END-- [ RunTime:0.001130s ]
INFO: [ app_begin ] --START--
INFO: Run Behavior\ReadHtmlCacheBehavior [ RunTime:0.001272s ]
INFO: [ app_begin ] --END-- [ RunTime:0.001395s ]
SQL: SHOW COLUMNS FROM `yd_user` [ RunTime:0.0481s ]
SQL: SELECT * FROM `yd_user` WHERE ( username='admin' and password='gnh02n2leqiyp3Kus3SVaoZ6mGWve69u' )  [ RunTime:0.0482s ]
SQL: UPDATE `yd_user` SET `last_login_time`='1453978123' WHERE ( id='3' ) [ RunTime:0.0615s ]

[ 2016-01-28T18:48:44+08:00 ] ::1 /YD/index.php/Admin/Index/index.html
INFO: [ app_init ] --START--
INFO: Run Behavior\BuildLiteBehavior [ RunTime:0.000032s ]
INFO: [ app_init ] --END-- [ RunTime:0.001290s ]
INFO: [ app_begin ] --START--
INFO: Run Behavior\ReadHtmlCacheBehavior [ RunTime:0.001319s ]
INFO: [ app_begin ] --END-- [ RunTime:0.001452s ]
SQL: SHOW COLUMNS FROM `yd_article` [ RunTime:0.0480s ]
SQL: SELECT COUNT(*) AS tp_count FROM `yd_article` LIMIT 1   [ RunTime:0.0473s ]
SQL: SHOW COLUMNS FROM `yd_user` [ RunTime:0.0489s ]
SQL: SELECT COUNT(*) AS tp_count FROM `yd_user` LIMIT 1   [ RunTime:0.0473s ]
INFO: [ view_parse ] --START--
INFO: [ template_filter ] --START--
INFO: Run Behavior\ContentReplaceBehavior [ RunTime:0.000244s ]
INFO: [ template_filter ] --END-- [ RunTime:0.000355s ]
INFO: Run Behavior\ParseTemplateBehavior [ RunTime:0.016460s ]
INFO: [ view_parse ] --END-- [ RunTime:0.016579s ]
INFO: [ view_filter ] --START--
INFO: Run Behavior\WriteHtmlCacheBehavior [ RunTime:0.000815s ]
INFO: [ view_filter ] --END-- [ RunTime:0.000915s ]
INFO: [ app_end ] --START--
INFO: Run Behavior\ShowPageTraceBehavior [ RunTime:0.001304s ]
INFO: [ app_end ] --END-- [ RunTime:0.001410s ]

[ 2016-01-28T18:48:47+08:00 ] ::1 /YD/index.php/Admin/Article/index.html?_=1453978127255
INFO: [ app_init ] --START--
INFO: Run Behavior\BuildLiteBehavior [ RunTime:0.000031s ]
INFO: [ app_init ] --END-- [ RunTime:0.001147s ]
INFO: [ app_begin ] --START--
INFO: Run Behavior\ReadHtmlCacheBehavior [ RunTime:0.001296s ]
INFO: [ app_begin ] --END-- [ RunTime:0.001412s ]
SQL: SHOW COLUMNS FROM `yd_article` [ RunTime:0.0503s ]
SQL: SELECT COUNT(*) AS tp_count FROM `yd_article` WHERE `title` LIKE '%%' AND `user_id` = '3' LIMIT 1   [ RunTime:0.0493s ]
SQL: SELECT yd_article.id,yd_column.name category,yd_article.title,yd_user.name user_name,yd_article.time,yd_article.comment FROM `yd_article` left join yd_user on yd_user.id=yd_article.user_id left join yd_column on yd_column.id=yd_article.column_id  WHERE `title` LIKE '%%' AND `user_id` = '3' ORDER BY yd_article.id desc LIMIT 0,100   [ RunTime:0.0499s ]
INFO: [ view_parse ] --START--
INFO: [ template_filter ] --START--
INFO: Run Behavior\ContentReplaceBehavior [ RunTime:0.000148s ]
INFO: [ template_filter ] --END-- [ RunTime:0.000254s ]
INFO: Run Behavior\ParseTemplateBehavior [ RunTime:0.019735s ]
INFO: [ view_parse ] --END-- [ RunTime:0.019847s ]
INFO: [ view_filter ] --START--
INFO: Run Behavior\WriteHtmlCacheBehavior [ RunTime:0.000878s ]
INFO: [ view_filter ] --END-- [ RunTime:0.000971s ]
INFO: [ app_end ] --START--
INFO: Run Behavior\ShowPageTraceBehavior [ RunTime:0.001389s ]
INFO: [ app_end ] --END-- [ RunTime:0.001488s ]

[ 2016-01-28T18:48:57+08:00 ] ::1 /YD/index.php/Admin/
INFO: [ app_init ] --START--
INFO: Run Behavior\BuildLiteBehavior [ RunTime:0.000034s ]
INFO: [ app_init ] --END-- [ RunTime:0.001162s ]
INFO: [ app_begin ] --START--
INFO: Run Behavior\ReadHtmlCacheBehavior [ RunTime:0.001389s ]
INFO: [ app_begin ] --END-- [ RunTime:0.001518s ]
SQL: SHOW COLUMNS FROM `yd_article` [ RunTime:0.0503s ]
SQL: SELECT COUNT(*) AS tp_count FROM `yd_article` LIMIT 1   [ RunTime:0.0500s ]
SQL: SHOW COLUMNS FROM `yd_user` [ RunTime:0.0507s ]
SQL: SELECT COUNT(*) AS tp_count FROM `yd_user` LIMIT 1   [ RunTime:0.0492s ]
INFO: [ view_parse ] --START--
INFO: [ template_filter ] --START--
INFO: Run Behavior\ContentReplaceBehavior [ RunTime:0.000240s ]
INFO: [ template_filter ] --END-- [ RunTime:0.000354s ]
INFO: Run Behavior\ParseTemplateBehavior [ RunTime:0.016639s ]
INFO: [ view_parse ] --END-- [ RunTime:0.016753s ]
INFO: [ view_filter ] --START--
INFO: Run Behavior\WriteHtmlCacheBehavior [ RunTime:0.000774s ]
INFO: [ view_filter ] --END-- [ RunTime:0.000866s ]
INFO: [ app_end ] --START--
INFO: Run Behavior\ShowPageTraceBehavior [ RunTime:0.001296s ]
INFO: [ app_end ] --END-- [ RunTime:0.001395s ]

[ 2016-01-28T18:48:59+08:00 ] ::1 /YD/index.php/Admin/Article/index.html?_=1453978139473
INFO: [ app_init ] --START--
INFO: Run Behavior\BuildLiteBehavior [ RunTime:0.000035s ]
INFO: [ app_init ] --END-- [ RunTime:0.001142s ]
INFO: [ app_begin ] --START--
INFO: Run Behavior\ReadHtmlCacheBehavior [ RunTime:0.001341s ]
INFO: [ app_begin ] --END-- [ RunTime:0.001463s ]
SQL: SHOW COLUMNS FROM `yd_article` [ RunTime:0.0484s ]
SQL: SELECT COUNT(*) AS tp_count FROM `yd_article` WHERE `title` LIKE '%%' AND `user_id` = '3' LIMIT 1   [ RunTime:0.0482s ]
SQL: SELECT yd_article.id,yd_column.name category,yd_article.title,yd_user.name user_name,yd_article.time,yd_article.comment FROM `yd_article` left join yd_user on yd_user.id=yd_article.user_id left join yd_column on yd_column.id=yd_article.column_id  WHERE `title` LIKE '%%' AND `user_id` = '3' ORDER BY yd_article.id desc LIMIT 0,100   [ RunTime:0.0486s ]
INFO: [ view_parse ] --START--
INFO: [ template_filter ] --START--
INFO: Run Behavior\ContentReplaceBehavior [ RunTime:0.000146s ]
INFO: [ template_filter ] --END-- [ RunTime:0.000245s ]
INFO: Run Behavior\ParseTemplateBehavior [ RunTime:0.017266s ]
INFO: [ view_parse ] --END-- [ RunTime:0.017379s ]
INFO: [ view_filter ] --START--
INFO: Run Behavior\WriteHtmlCacheBehavior [ RunTime:0.000826s ]
INFO: [ view_filter ] --END-- [ RunTime:0.000918s ]
INFO: [ app_end ] --START--
INFO: Run Behavior\ShowPageTraceBehavior [ RunTime:0.001327s ]
INFO: [ app_end ] --END-- [ RunTime:0.001430s ]

[ 2016-01-28T18:49:03+08:00 ] ::1 /YD/index.php/Admin/Login/logout.html
INFO: [ app_init ] --START--
INFO: Run Behavior\BuildLiteBehavior [ RunTime:0.000031s ]
INFO: [ app_init ] --END-- [ RunTime:0.001154s ]
INFO: [ app_begin ] --START--
INFO: Run Behavior\ReadHtmlCacheBehavior [ RunTime:0.001321s ]
INFO: [ app_begin ] --END-- [ RunTime:0.001451s ]

[ 2016-01-28T18:49:03+08:00 ] ::1 /YD/index.php/Admin/Login/index.html
INFO: [ app_init ] --START--
INFO: Run Behavior\BuildLiteBehavior [ RunTime:0.000033s ]
INFO: [ app_init ] --END-- [ RunTime:0.001207s ]
INFO: [ app_begin ] --START--
INFO: Run Behavior\ReadHtmlCacheBehavior [ RunTime:0.001311s ]
INFO: [ app_begin ] --END-- [ RunTime:0.001453s ]
INFO: [ view_parse ] --START--
INFO: [ template_filter ] --START--
INFO: Run Behavior\ContentReplaceBehavior [ RunTime:0.000209s ]
INFO: [ template_filter ] --END-- [ RunTime:0.000363s ]
INFO: Run Behavior\ParseTemplateBehavior [ RunTime:0.013169s ]
INFO: [ view_parse ] --END-- [ RunTime:0.013288s ]
INFO: [ view_filter ] --START--
INFO: Run Behavior\WriteHtmlCacheBehavior [ RunTime:0.000906s ]
INFO: [ view_filter ] --END-- [ RunTime:0.001006s ]
INFO: [ app_end ] --START--
INFO: Run Behavior\ShowPageTraceBehavior [ RunTime:0.001382s ]
INFO: [ app_end ] --END-- [ RunTime:0.001491s ]

[ 2016-01-28T18:49:07+08:00 ] ::1 /YD/index.php/Admin/Article/index.html?_=1453978147371
INFO: [ app_init ] --START--
INFO: Run Behavior\BuildLiteBehavior [ RunTime:0.000031s ]
INFO: [ app_init ] --END-- [ RunTime:0.001129s ]
INFO: [ app_begin ] --START--
INFO: Run Behavior\ReadHtmlCacheBehavior [ RunTime:0.001333s ]
INFO: [ app_begin ] --END-- [ RunTime:0.001455s ]

[ 2016-01-28T18:50:11+08:00 ] ::1 /YD/index.php/Admin/Article/index.html?_=1453978147371
INFO: [ app_init ] --START--
INFO: Run Behavior\BuildLiteBehavior [ RunTime:0.000032s ]
INFO: [ app_init ] --END-- [ RunTime:0.001287s ]
INFO: [ app_begin ] --START--
INFO: Run Behavior\ReadHtmlCacheBehavior [ RunTime:0.001427s ]
INFO: [ app_begin ] --END-- [ RunTime:0.001558s ]

[ 2016-01-28T18:51:37+08:00 ] ::1 /YD/index.php/Admin/Index/index.html
INFO: [ app_init ] --START--
INFO: Run Behavior\BuildLiteBehavior [ RunTime:0.000032s ]
INFO: [ app_init ] --END-- [ RunTime:0.001157s ]
INFO: [ app_begin ] --START--
INFO: Run Behavior\ReadHtmlCacheBehavior [ RunTime:0.001364s ]
INFO: [ app_begin ] --END-- [ RunTime:0.001493s ]

[ 2016-01-28T18:51:37+08:00 ] ::1 /YD/index.php/Admin/Login/index.html
INFO: [ app_init ] --START--
INFO: Run Behavior\BuildLiteBehavior [ RunTime:0.000031s ]
INFO: [ app_init ] --END-- [ RunTime:0.001177s ]
INFO: [ app_begin ] --START--
INFO: Run Behavior\ReadHtmlCacheBehavior [ RunTime:0.001346s ]
INFO: [ app_begin ] --END-- [ RunTime:0.001478s ]
INFO: [ view_parse ] --START--
INFO: [ template_filter ] --START--
INFO: Run Behavior\ContentReplaceBehavior [ RunTime:0.000161s ]
INFO: [ template_filter ] --END-- [ RunTime:0.000281s ]
INFO: Run Behavior\ParseTemplateBehavior [ RunTime:0.014284s ]
INFO: [ view_parse ] --END-- [ RunTime:0.014402s ]
INFO: [ view_filter ] --START--
INFO: Run Behavior\WriteHtmlCacheBehavior [ RunTime:0.000951s ]
INFO: [ view_filter ] --END-- [ RunTime:0.001050s ]
INFO: [ app_end ] --START--
INFO: Run Behavior\ShowPageTraceBehavior [ RunTime:0.001641s ]
INFO: [ app_end ] --END-- [ RunTime:0.001759s ]

[ 2016-01-28T18:52:12+08:00 ] ::1 /YD/index.php/Admin/Login/index.html
INFO: [ app_init ] --START--
INFO: Run Behavior\BuildLiteBehavior [ RunTime:0.000030s ]
INFO: [ app_init ] --END-- [ RunTime:0.001358s ]
INFO: [ app_begin ] --START--
INFO: Run Behavior\ReadHtmlCacheBehavior [ RunTime:0.001488s ]
INFO: [ app_begin ] --END-- [ RunTime:0.001620s ]
INFO: [ view_parse ] --START--
INFO: [ template_filter ] --START--
INFO: Run Behavior\ContentReplaceBehavior [ RunTime:0.000150s ]
INFO: [ template_filter ] --END-- [ RunTime:0.000267s ]
INFO: Run Behavior\ParseTemplateBehavior [ RunTime:0.012954s ]
INFO: [ view_parse ] --END-- [ RunTime:0.013075s ]
INFO: [ view_filter ] --START--
INFO: Run Behavior\WriteHtmlCacheBehavior [ RunTime:0.000836s ]
INFO: [ view_filter ] --END-- [ RunTime:0.000940s ]
INFO: [ app_end ] --START--
INFO: Run Behavior\ShowPageTraceBehavior [ RunTime:0.001363s ]
INFO: [ app_end ] --END-- [ RunTime:0.001472s ]

[ 2016-01-28T18:52:22+08:00 ] ::1 /YD/index.php/Admin/Login/login.html
INFO: [ app_init ] --START--
INFO: Run Behavior\BuildLiteBehavior [ RunTime:0.000029s ]
INFO: [ app_init ] --END-- [ RunTime:0.001127s ]
INFO: [ app_begin ] --START--
INFO: Run Behavior\ReadHtmlCacheBehavior [ RunTime:0.001303s ]
INFO: [ app_begin ] --END-- [ RunTime:0.001427s ]
SQL: SHOW COLUMNS FROM `yd_user` [ RunTime:0.0506s ]
SQL: SELECT * FROM `yd_user` WHERE ( username='admin' and password='gnh02n2leqiyp3Kus3SVaoZ6mGWve69u' )  [ RunTime:0.0501s ]
SQL: UPDATE `yd_user` SET `last_login_time`='1453978342' WHERE ( id='3' ) [ RunTime:0.0540s ]

[ 2016-01-28T18:52:22+08:00 ] ::1 /YD/index.php/Admin/Index/index.html
INFO: [ app_init ] --START--
INFO: Run Behavior\BuildLiteBehavior [ RunTime:0.000031s ]
INFO: [ app_init ] --END-- [ RunTime:0.001156s ]
INFO: [ app_begin ] --START--
INFO: Run Behavior\ReadHtmlCacheBehavior [ RunTime:0.001332s ]
INFO: [ app_begin ] --END-- [ RunTime:0.001461s ]
SQL: SHOW COLUMNS FROM `yd_article` [ RunTime:0.0504s ]
SQL: SELECT COUNT(*) AS tp_count FROM `yd_article` LIMIT 1   [ RunTime:0.0487s ]
SQL: SHOW COLUMNS FROM `yd_user` [ RunTime:0.0499s ]
SQL: SELECT COUNT(*) AS tp_count FROM `yd_user` LIMIT 1   [ RunTime:0.0494s ]
INFO: [ view_parse ] --START--
INFO: [ template_filter ] --START--
INFO: Run Behavior\ContentReplaceBehavior [ RunTime:0.000249s ]
INFO: [ template_filter ] --END-- [ RunTime:0.000374s ]
INFO: Run Behavior\ParseTemplateBehavior [ RunTime:0.017053s ]
INFO: [ view_parse ] --END-- [ RunTime:0.017175s ]
INFO: [ view_filter ] --START--
INFO: Run Behavior\WriteHtmlCacheBehavior [ RunTime:0.000864s ]
INFO: [ view_filter ] --END-- [ RunTime:0.000966s ]
INFO: [ app_end ] --START--
INFO: Run Behavior\ShowPageTraceBehavior [ RunTime:0.001366s ]
INFO: [ app_end ] --END-- [ RunTime:0.001470s ]

[ 2016-01-28T18:52:24+08:00 ] ::1 /YD/index.php/Admin/Article/index.html?_=1453978344445
INFO: [ app_init ] --START--
INFO: Run Behavior\BuildLiteBehavior [ RunTime:0.000032s ]
INFO: [ app_init ] --END-- [ RunTime:0.001147s ]
INFO: [ app_begin ] --START--
INFO: Run Behavior\ReadHtmlCacheBehavior [ RunTime:0.001317s ]
INFO: [ app_begin ] --END-- [ RunTime:0.001436s ]
SQL: SHOW COLUMNS FROM `yd_article` [ RunTime:0.0503s ]
SQL: SELECT COUNT(*) AS tp_count FROM `yd_article` WHERE `title` LIKE '%%' AND `user_id` = '3' LIMIT 1   [ RunTime:0.0492s ]
SQL: SELECT yd_article.id,yd_column.name category,yd_article.title,yd_user.name user_name,yd_article.time,yd_article.comment FROM `yd_article` left join yd_user on yd_user.id=yd_article.user_id left join yd_column on yd_column.id=yd_article.column_id  WHERE `title` LIKE '%%' AND `user_id` = '3' ORDER BY yd_article.id desc LIMIT 0,100   [ RunTime:0.0496s ]
INFO: [ view_parse ] --START--
INFO: [ template_filter ] --START--
INFO: Run Behavior\ContentReplaceBehavior [ RunTime:0.000148s ]
INFO: [ template_filter ] --END-- [ RunTime:0.000248s ]
INFO: Run Behavior\ParseTemplateBehavior [ RunTime:0.017480s ]
INFO: [ view_parse ] --END-- [ RunTime:0.017594s ]
INFO: [ view_filter ] --START--
INFO: Run Behavior\WriteHtmlCacheBehavior [ RunTime:0.000817s ]
INFO: [ view_filter ] --END-- [ RunTime:0.000909s ]
INFO: [ app_end ] --START--
INFO: Run Behavior\ShowPageTraceBehavior [ RunTime:0.001319s ]
INFO: [ app_end ] --END-- [ RunTime:0.001422s ]

[ 2016-01-28T18:52:35+08:00 ] ::1 /YD/index.php/Admin/Login/login.html
INFO: [ app_init ] --START--
INFO: Run Behavior\BuildLiteBehavior [ RunTime:0.000030s ]
INFO: [ app_init ] --END-- [ RunTime:0.001115s ]
INFO: [ app_begin ] --START--
INFO: Run Behavior\ReadHtmlCacheBehavior [ RunTime:0.001292s ]
INFO: [ app_begin ] --END-- [ RunTime:0.001412s ]
SQL: SHOW COLUMNS FROM `yd_user` [ RunTime:0.0503s ]
SQL: SELECT * FROM `yd_user` WHERE ( username='admin' and password='gnh02n2leqiyp3Kus3SVaoZ6mGWve69u' )  [ RunTime:0.0492s ]
SQL: UPDATE `yd_user` SET `last_login_time`='1453978355' WHERE ( id='3' ) [ RunTime:0.0551s ]

[ 2016-01-28T18:52:36+08:00 ] ::1 /YD/index.php/Admin/Index/index.html
INFO: [ app_init ] --START--
INFO: Run Behavior\BuildLiteBehavior [ RunTime:0.000033s ]
INFO: [ app_init ] --END-- [ RunTime:0.001146s ]
INFO: [ app_begin ] --START--
INFO: Run Behavior\ReadHtmlCacheBehavior [ RunTime:0.001358s ]
INFO: [ app_begin ] --END-- [ RunTime:0.001502s ]
SQL: SHOW COLUMNS FROM `yd_article` [ RunTime:0.0522s ]
SQL: SELECT COUNT(*) AS tp_count FROM `yd_article` LIMIT 1   [ RunTime:0.0515s ]
SQL: SHOW COLUMNS FROM `yd_user` [ RunTime:0.0519s ]
SQL: SELECT COUNT(*) AS tp_count FROM `yd_user` LIMIT 1   [ RunTime:0.0511s ]
INFO: [ view_parse ] --START--
INFO: [ template_filter ] --START--
INFO: Run Behavior\ContentReplaceBehavior [ RunTime:0.000243s ]
INFO: [ template_filter ] --END-- [ RunTime:0.000353s ]
INFO: Run Behavior\ParseTemplateBehavior [ RunTime:0.016237s ]
INFO: [ view_parse ] --END-- [ RunTime:0.016351s ]
INFO: [ view_filter ] --START--
INFO: Run Behavior\WriteHtmlCacheBehavior [ RunTime:0.000825s ]
INFO: [ view_filter ] --END-- [ RunTime:0.000926s ]
INFO: [ app_end ] --START--
INFO: Run Behavior\ShowPageTraceBehavior [ RunTime:0.001336s ]
INFO: [ app_end ] --END-- [ RunTime:0.001442s ]

[ 2016-01-28T18:52:39+08:00 ] ::1 /YD/index.php/Admin/Article/index.html?_=1453978359030
INFO: [ app_init ] --START--
INFO: Run Behavior\BuildLiteBehavior [ RunTime:0.000036s ]
INFO: [ app_init ] --END-- [ RunTime:0.001158s ]
INFO: [ app_begin ] --START--
INFO: Run Behavior\ReadHtmlCacheBehavior [ RunTime:0.001331s ]
INFO: [ app_begin ] --END-- [ RunTime:0.001460s ]
SQL: SHOW COLUMNS FROM `yd_article` [ RunTime:0.0502s ]
SQL: SELECT COUNT(*) AS tp_count FROM `yd_article` WHERE `title` LIKE '%%' AND `user_id` = '3' LIMIT 1   [ RunTime:0.0487s ]
SQL: SELECT yd_article.id,yd_column.name category,yd_article.title,yd_user.name user_name,yd_article.time,yd_article.comment FROM `yd_article` left join yd_user on yd_user.id=yd_article.user_id left join yd_column on yd_column.id=yd_article.column_id  WHERE `title` LIKE '%%' AND `user_id` = '3' ORDER BY yd_article.id desc LIMIT 0,100   [ RunTime:0.0495s ]
INFO: [ view_parse ] --START--
INFO: [ template_filter ] --START--
INFO: Run Behavior\ContentReplaceBehavior [ RunTime:0.000121s ]
INFO: [ template_filter ] --END-- [ RunTime:0.000208s ]
INFO: Run Behavior\ParseTemplateBehavior [ RunTime:0.013925s ]
INFO: [ view_parse ] --END-- [ RunTime:0.014015s ]
INFO: [ view_filter ] --START--
INFO: Run Behavior\WriteHtmlCacheBehavior [ RunTime:0.000653s ]
INFO: [ view_filter ] --END-- [ RunTime:0.000727s ]
INFO: [ app_end ] --START--
INFO: Run Behavior\ShowPageTraceBehavior [ RunTime:0.001067s ]
INFO: [ app_end ] --END-- [ RunTime:0.001148s ]

[ 2016-01-28T18:52:41+08:00 ] ::1 /YD/index.php/Admin/Login/logout.html
INFO: [ app_init ] --START--
INFO: Run Behavior\BuildLiteBehavior [ RunTime:0.000031s ]
INFO: [ app_init ] --END-- [ RunTime:0.001099s ]
INFO: [ app_begin ] --START--
INFO: Run Behavior\ReadHtmlCacheBehavior [ RunTime:0.001339s ]
INFO: [ app_begin ] --END-- [ RunTime:0.001470s ]

[ 2016-01-28T18:52:41+08:00 ] ::1 /YD/index.php/Admin/Login/index.html
INFO: [ app_init ] --START--
INFO: Run Behavior\BuildLiteBehavior [ RunTime:0.000034s ]
INFO: [ app_init ] --END-- [ RunTime:0.001180s ]
INFO: [ app_begin ] --START--
INFO: Run Behavior\ReadHtmlCacheBehavior [ RunTime:0.001452s ]
INFO: [ app_begin ] --END-- [ RunTime:0.001604s ]
INFO: [ view_parse ] --START--
INFO: [ template_filter ] --START--
INFO: Run Behavior\ContentReplaceBehavior [ RunTime:0.000163s ]
INFO: [ template_filter ] --END-- [ RunTime:0.000291s ]
INFO: Run Behavior\ParseTemplateBehavior [ RunTime:0.013219s ]
INFO: [ view_parse ] --END-- [ RunTime:0.013376s ]
INFO: [ view_filter ] --START--
INFO: Run Behavior\WriteHtmlCacheBehavior [ RunTime:0.001187s ]
INFO: [ view_filter ] --END-- [ RunTime:0.001310s ]
INFO: [ app_end ] --START--
INFO: Run Behavior\ShowPageTraceBehavior [ RunTime:0.001434s ]
INFO: [ app_end ] --END-- [ RunTime:0.001539s ]

[ 2016-01-28T18:52:45+08:00 ] ::1 /YD/index.php/Admin/Article/index.html?_=1453978365578
INFO: [ app_init ] --START--
INFO: Run Behavior\BuildLiteBehavior [ RunTime:0.000032s ]
INFO: [ app_init ] --END-- [ RunTime:0.001147s ]
INFO: [ app_begin ] --START--
INFO: Run Behavior\ReadHtmlCacheBehavior [ RunTime:0.001304s ]
INFO: [ app_begin ] --END-- [ RunTime:0.001433s ]

[ 2016-01-28T18:52:55+08:00 ] ::1 /YD/index.php/Admin/Article/index.html?_=1453978375731
INFO: [ app_init ] --START--
INFO: Run Behavior\BuildLiteBehavior [ RunTime:0.000031s ]
INFO: [ app_init ] --END-- [ RunTime:0.001177s ]
INFO: [ app_begin ] --START--
INFO: Run Behavior\ReadHtmlCacheBehavior [ RunTime:0.001332s ]
INFO: [ app_begin ] --END-- [ RunTime:0.001452s ]

[ 2016-01-28T18:57:01+08:00 ] ::1 /YD/index.php/Admin/Article/index.html?_=1453978621344
INFO: [ app_init ] --START--
INFO: Run Behavior\BuildLiteBehavior [ RunTime:0.000033s ]
INFO: [ app_init ] --END-- [ RunTime:0.001265s ]
INFO: [ app_begin ] --START--
INFO: Run Behavior\ReadHtmlCacheBehavior [ RunTime:0.001440s ]
INFO: [ app_begin ] --END-- [ RunTime:0.001564s ]

[ 2016-01-28T18:57:11+08:00 ] ::1 /YD/index.php/Admin/Article/index.html?_=1453978621344
INFO: [ app_init ] --START--
INFO: Run Behavior\BuildLiteBehavior [ RunTime:0.000031s ]
INFO: [ app_init ] --END-- [ RunTime:0.001240s ]
INFO: [ app_begin ] --START--
INFO: Run Behavior\ReadHtmlCacheBehavior [ RunTime:0.001288s ]
INFO: [ app_begin ] --END-- [ RunTime:0.001415s ]
ERR: 模板不存在:./Application/Admin/View/Public/error.html

[ 2016-01-28T18:58:49+08:00 ] ::1 /YD/index.php/Admin/Article/index.html?_=1453978621344
INFO: [ app_init ] --START--
INFO: Run Behavior\BuildLiteBehavior [ RunTime:0.000042s ]
INFO: [ app_init ] --END-- [ RunTime:0.001218s ]
INFO: [ app_begin ] --START--
INFO: Run Behavior\ReadHtmlCacheBehavior [ RunTime:0.001279s ]
INFO: [ app_begin ] --END-- [ RunTime:0.001410s ]
INFO: [ view_parse ] --START--
INFO: [ template_filter ] --START--
INFO: Run Behavior\ContentReplaceBehavior [ RunTime:0.000091s ]
INFO: [ template_filter ] --END-- [ RunTime:0.000209s ]
INFO: Run Behavior\ParseTemplateBehavior [ RunTime:0.013417s ]
INFO: [ view_parse ] --END-- [ RunTime:0.013553s ]
INFO: [ view_filter ] --START--
INFO: Run Behavior\WriteHtmlCacheBehavior [ RunTime:0.000973s ]
INFO: [ view_filter ] --END-- [ RunTime:0.001072s ]

[ 2016-01-28T18:59:05+08:00 ] ::1 /YD/index.php/Admin/Article/index.html?_=1453978621344
INFO: [ app_init ] --START--
INFO: Run Behavior\BuildLiteBehavior [ RunTime:0.000036s ]
INFO: [ app_init ] --END-- [ RunTime:0.001276s ]
INFO: [ app_begin ] --START--
INFO: Run Behavior\ReadHtmlCacheBehavior [ RunTime:0.001407s ]
INFO: [ app_begin ] --END-- [ RunTime:0.001540s ]
INFO: [ view_parse ] --START--
INFO: [ template_filter ] --START--
INFO: Run Behavior\ContentReplaceBehavior [ RunTime:0.000125s ]
INFO: [ template_filter ] --END-- [ RunTime:0.000291s ]
INFO: Run Behavior\ParseTemplateBehavior [ RunTime:0.012469s ]
INFO: [ view_parse ] --END-- [ RunTime:0.012641s ]
INFO: [ view_filter ] --START--
INFO: Run Behavior\WriteHtmlCacheBehavior [ RunTime:0.000954s ]
INFO: [ view_filter ] --END-- [ RunTime:0.001098s ]

[ 2016-01-28T19:06:32+08:00 ] ::1 /YD/index.php/Admin/Login/login.html
INFO: [ app_init ] --START--
INFO: Run Behavior\BuildLiteBehavior [ RunTime:0.000032s ]
INFO: [ app_init ] --END-- [ RunTime:0.001333s ]
INFO: [ app_begin ] --START--
INFO: Run Behavior\ReadHtmlCacheBehavior [ RunTime:0.001319s ]
INFO: [ app_begin ] --END-- [ RunTime:0.001443s ]
SQL: SHOW COLUMNS FROM `yd_user` [ RunTime:0.0495s ]
SQL: SELECT * FROM `yd_user` WHERE ( username='admin' and password='gnh02n2leqiyp3Kus3SVaoZ6mGWve69u' )  [ RunTime:0.0497s ]
SQL: UPDATE `yd_user` SET `last_login_time`='1453979192' WHERE ( id='3' ) [ RunTime:0.0534s ]

[ 2016-01-28T19:06:33+08:00 ] ::1 /YD/index.php/Admin/Index/index.html
INFO: [ app_init ] --START--
INFO: Run Behavior\BuildLiteBehavior [ RunTime:0.000032s ]
INFO: [ app_init ] --END-- [ RunTime:0.001193s ]
INFO: [ app_begin ] --START--
INFO: Run Behavior\ReadHtmlCacheBehavior [ RunTime:0.001383s ]
INFO: [ app_begin ] --END-- [ RunTime:0.001511s ]
SQL: SHOW COLUMNS FROM `yd_article` [ RunTime:0.0494s ]
SQL: SELECT COUNT(*) AS tp_count FROM `yd_article` LIMIT 1   [ RunTime:0.0485s ]
SQL: SHOW COLUMNS FROM `yd_user` [ RunTime:0.0490s ]
SQL: SELECT COUNT(*) AS tp_count FROM `yd_user` LIMIT 1   [ RunTime:0.0481s ]
INFO: [ view_parse ] --START--
INFO: [ template_filter ] --START--
INFO: Run Behavior\ContentReplaceBehavior [ RunTime:0.000249s ]
INFO: [ template_filter ] --END-- [ RunTime:0.000364s ]
INFO: Run Behavior\ParseTemplateBehavior [ RunTime:0.017919s ]
INFO: [ view_parse ] --END-- [ RunTime:0.018037s ]
INFO: [ view_filter ] --START--
INFO: Run Behavior\WriteHtmlCacheBehavior [ RunTime:0.000964s ]
INFO: [ view_filter ] --END-- [ RunTime:0.001064s ]
INFO: [ app_end ] --START--
INFO: Run Behavior\ShowPageTraceBehavior [ RunTime:0.001446s ]
INFO: [ app_end ] --END-- [ RunTime:0.001551s ]

[ 2016-01-28T19:06:36+08:00 ] ::1 /YD/index.php/Admin/Article/index.html?_=1453979196403
INFO: [ app_init ] --START--
INFO: Run Behavior\BuildLiteBehavior [ RunTime:0.000041s ]
INFO: [ app_init ] --END-- [ RunTime:0.001084s ]
INFO: [ app_begin ] --START--
INFO: Run Behavior\ReadHtmlCacheBehavior [ RunTime:0.001263s ]
INFO: [ app_begin ] --END-- [ RunTime:0.001379s ]
SQL: SHOW COLUMNS FROM `yd_article` [ RunTime:0.0498s ]
SQL: SELECT COUNT(*) AS tp_count FROM `yd_article` WHERE `title` LIKE '%%' AND `user_id` = '3' LIMIT 1   [ RunTime:0.0482s ]
SQL: SELECT yd_article.id,yd_column.name category,yd_article.title,yd_user.name user_name,yd_article.time,yd_article.comment FROM `yd_article` left join yd_user on yd_user.id=yd_article.user_id left join yd_column on yd_column.id=yd_article.column_id  WHERE `title` LIKE '%%' AND `user_id` = '3' ORDER BY yd_article.id desc LIMIT 0,100   [ RunTime:0.0489s ]
INFO: [ view_parse ] --START--
INFO: [ template_filter ] --START--
INFO: Run Behavior\ContentReplaceBehavior [ RunTime:0.000150s ]
INFO: [ template_filter ] --END-- [ RunTime:0.000254s ]
INFO: Run Behavior\ParseTemplateBehavior [ RunTime:0.018234s ]
INFO: [ view_parse ] --END-- [ RunTime:0.018347s ]
INFO: [ view_filter ] --START--
INFO: Run Behavior\WriteHtmlCacheBehavior [ RunTime:0.000821s ]
INFO: [ view_filter ] --END-- [ RunTime:0.000918s ]
INFO: [ app_end ] --START--
INFO: Run Behavior\ShowPageTraceBehavior [ RunTime:0.001287s ]
INFO: [ app_end ] --END-- [ RunTime:0.001384s ]

[ 2016-01-28T19:06:42+08:00 ] ::1 /YD/index.php/Admin/Article/edit/id/22?_=1453979201451
INFO: [ app_init ] --START--
INFO: Run Behavior\BuildLiteBehavior [ RunTime:0.000032s ]
INFO: [ app_init ] --END-- [ RunTime:0.001113s ]
INFO: [ app_begin ] --START--
INFO: Run Behavior\ReadHtmlCacheBehavior [ RunTime:0.001343s ]
INFO: [ app_begin ] --END-- [ RunTime:0.001466s ]
SQL: SHOW COLUMNS FROM `yd_article` [ RunTime:0.0496s ]
SQL: SELECT * FROM `yd_article` WHERE ( id='22' and user_id='3' )  [ RunTime:0.0491s ]
SQL: SHOW COLUMNS FROM `yd_column` [ RunTime:0.0496s ]
SQL: SELECT * FROM `yd_column`  [ RunTime:0.0497s ]
INFO: [ view_parse ] --START--
INFO: [ template_filter ] --START--
INFO: Run Behavior\ContentReplaceBehavior [ RunTime:0.000135s ]
INFO: [ template_filter ] --END-- [ RunTime:0.000238s ]
NOTIC: [8] Undefined index: category_id D:\YDesigner\YD\Application\Runtime\Cache\Admin\761055de2f430bef08441163fbb8bda7.php 第 9 行.
NOTIC: [8] Use of undefined constant id - assumed 'id' D:\YDesigner\YD\Application\Runtime\Cache\Admin\761055de2f430bef08441163fbb8bda7.php 第 9 行.
NOTIC: [8] Array to string conversion D:\YDesigner\YD\Application\Runtime\Cache\Admin\761055de2f430bef08441163fbb8bda7.php 第 9 行.
NOTIC: [8] Undefined index: category_id D:\YDesigner\YD\Application\Runtime\Cache\Admin\761055de2f430bef08441163fbb8bda7.php 第 9 行.
NOTIC: [8] Use of undefined constant id - assumed 'id' D:\YDesigner\YD\Application\Runtime\Cache\Admin\761055de2f430bef08441163fbb8bda7.php 第 9 行.
NOTIC: [8] Array to string conversion D:\YDesigner\YD\Application\Runtime\Cache\Admin\761055de2f430bef08441163fbb8bda7.php 第 9 行.
NOTIC: [8] Undefined index: category_id D:\YDesigner\YD\Application\Runtime\Cache\Admin\761055de2f430bef08441163fbb8bda7.php 第 9 行.
NOTIC: [8] Use of undefined constant id - assumed 'id' D:\YDesigner\YD\Application\Runtime\Cache\Admin\761055de2f430bef08441163fbb8bda7.php 第 9 行.
NOTIC: [8] Array to string conversion D:\YDesigner\YD\Application\Runtime\Cache\Admin\761055de2f430bef08441163fbb8bda7.php 第 9 行.
INFO: Run Behavior\ParseTemplateBehavior [ RunTime:0.033935s ]
INFO: [ view_parse ] --END-- [ RunTime:0.034036s ]
INFO: [ view_filter ] --START--
INFO: Run Behavior\WriteHtmlCacheBehavior [ RunTime:0.000882s ]
INFO: [ view_filter ] --END-- [ RunTime:0.000972s ]
INFO: [ app_end ] --START--
INFO: Run Behavior\ShowPageTraceBehavior [ RunTime:0.001345s ]
INFO: [ app_end ] --END-- [ RunTime:0.001447s ]

[ 2016-01-28T19:06:49+08:00 ] ::1 /YD/index.php/Admin/Article/add?_=1453979208848
INFO: [ app_init ] --START--
INFO: Run Behavior\BuildLiteBehavior [ RunTime:0.000031s ]
INFO: [ app_init ] --END-- [ RunTime:0.001114s ]
INFO: [ app_begin ] --START--
INFO: Run Behavior\ReadHtmlCacheBehavior [ RunTime:0.001517s ]
INFO: [ app_begin ] --END-- [ RunTime:0.001635s ]
SQL: SHOW COLUMNS FROM `yd_column` [ RunTime:0.0515s ]
SQL: SELECT * FROM `yd_column`  [ RunTime:0.0510s ]
INFO: [ view_parse ] --START--
INFO: [ template_filter ] --START--
INFO: Run Behavior\ContentReplaceBehavior [ RunTime:0.000141s ]
INFO: [ template_filter ] --END-- [ RunTime:0.000242s ]
INFO: Run Behavior\ParseTemplateBehavior [ RunTime:0.062193s ]
INFO: [ view_parse ] --END-- [ RunTime:0.062332s ]
INFO: [ view_filter ] --START--
INFO: Run Behavior\WriteHtmlCacheBehavior [ RunTime:0.000835s ]
INFO: [ view_filter ] --END-- [ RunTime:0.000924s ]
INFO: [ app_end ] --START--
INFO: Run Behavior\ShowPageTraceBehavior [ RunTime:0.001332s ]
INFO: [ app_end ] --END-- [ RunTime:0.001437s ]

[ 2016-01-28T19:06:57+08:00 ] ::1 /YD/index.php/Admin/Article/add?_=1453979208848
INFO: [ app_init ] --START--
INFO: Run Behavior\BuildLiteBehavior [ RunTime:0.000030s ]
INFO: [ app_init ] --END-- [ RunTime:0.001070s ]
INFO: [ app_begin ] --START--
INFO: Run Behavior\ReadHtmlCacheBehavior [ RunTime:0.001262s ]
INFO: [ app_begin ] --END-- [ RunTime:0.001381s ]
SQL: SHOW COLUMNS FROM `yd_article` [ RunTime:0.0496s ]
SQL: INSERT INTO `yd_article` (`column_id`,`title`,`content`,`user_id`,`time`,`comment`) VALUES ('1','4343','4434','3','1453979217','') [ RunTime:0.0723s ]

[ 2016-01-28T19:06:58+08:00 ] ::1 /YD/index.php/Admin/Article/index.html?pageNum=1&numPerPage=100&keyword=&_=1453979217971
INFO: [ app_init ] --START--
INFO: Run Behavior\BuildLiteBehavior [ RunTime:0.000031s ]
INFO: [ app_init ] --END-- [ RunTime:0.001142s ]
INFO: [ app_begin ] --START--
INFO: Run Behavior\ReadHtmlCacheBehavior [ RunTime:0.001322s ]
INFO: [ app_begin ] --END-- [ RunTime:0.001443s ]
SQL: SHOW COLUMNS FROM `yd_article` [ RunTime:0.0506s ]
SQL: SELECT COUNT(*) AS tp_count FROM `yd_article` WHERE `title` LIKE '%%' AND `user_id` = '3' LIMIT 1   [ RunTime:0.0495s ]
SQL: SELECT yd_article.id,yd_column.name category,yd_article.title,yd_user.name user_name,yd_article.time,yd_article.comment FROM `yd_article` left join yd_user on yd_user.id=yd_article.user_id left join yd_column on yd_column.id=yd_article.column_id  WHERE `title` LIKE '%%' AND `user_id` = '3' ORDER BY yd_article.id desc LIMIT 0,100   [ RunTime:0.0503s ]
INFO: [ view_parse ] --START--
INFO: [ template_filter ] --START--
INFO: Run Behavior\ContentReplaceBehavior [ RunTime:0.000152s ]
INFO: [ template_filter ] --END-- [ RunTime:0.000262s ]
INFO: Run Behavior\ParseTemplateBehavior [ RunTime:0.017579s ]
INFO: [ view_parse ] --END-- [ RunTime:0.017689s ]
INFO: [ view_filter ] --START--
INFO: Run Behavior\WriteHtmlCacheBehavior [ RunTime:0.000842s ]
INFO: [ view_filter ] --END-- [ RunTime:0.000934s ]
INFO: [ app_end ] --START--
INFO: Run Behavior\ShowPageTraceBehavior [ RunTime:0.001328s ]
INFO: [ app_end ] --END-- [ RunTime:0.001430s ]

[ 2016-01-28T19:07:03+08:00 ] ::1 /YD/index.php/Admin/Article/edit/id/23?_=1453979222450
INFO: [ app_init ] --START--
INFO: Run Behavior\BuildLiteBehavior [ RunTime:0.000032s ]
INFO: [ app_init ] --END-- [ RunTime:0.001134s ]
INFO: [ app_begin ] --START--
INFO: Run Behavior\ReadHtmlCacheBehavior [ RunTime:0.001407s ]
INFO: [ app_begin ] --END-- [ RunTime:0.001523s ]
SQL: SHOW COLUMNS FROM `yd_article` [ RunTime:0.0504s ]
SQL: SELECT * FROM `yd_article` WHERE ( id='23' and user_id='3' )  [ RunTime:0.0494s ]
SQL: SHOW COLUMNS FROM `yd_column` [ RunTime:0.0500s ]
SQL: SELECT * FROM `yd_column`  [ RunTime:0.0493s ]
INFO: [ view_parse ] --START--
INFO: [ template_filter ] --START--
INFO: Run Behavior\ContentReplaceBehavior [ RunTime:0.000135s ]
INFO: [ template_filter ] --END-- [ RunTime:0.000237s ]
NOTIC: [8] Undefined index: category_id D:\YDesigner\YD\Application\Runtime\Cache\Admin\761055de2f430bef08441163fbb8bda7.php 第 9 行.
NOTIC: [8] Use of undefined constant id - assumed 'id' D:\YDesigner\YD\Application\Runtime\Cache\Admin\761055de2f430bef08441163fbb8bda7.php 第 9 行.
NOTIC: [8] Array to string conversion D:\YDesigner\YD\Application\Runtime\Cache\Admin\761055de2f430bef08441163fbb8bda7.php 第 9 行.
NOTIC: [8] Undefined index: category_id D:\YDesigner\YD\Application\Runtime\Cache\Admin\761055de2f430bef08441163fbb8bda7.php 第 9 行.
NOTIC: [8] Use of undefined constant id - assumed 'id' D:\YDesigner\YD\Application\Runtime\Cache\Admin\761055de2f430bef08441163fbb8bda7.php 第 9 行.
NOTIC: [8] Array to string conversion D:\YDesigner\YD\Application\Runtime\Cache\Admin\761055de2f430bef08441163fbb8bda7.php 第 9 行.
NOTIC: [8] Undefined index: category_id D:\YDesigner\YD\Application\Runtime\Cache\Admin\761055de2f430bef08441163fbb8bda7.php 第 9 行.
NOTIC: [8] Use of undefined constant id - assumed 'id' D:\YDesigner\YD\Application\Runtime\Cache\Admin\761055de2f430bef08441163fbb8bda7.php 第 9 行.
NOTIC: [8] Array to string conversion D:\YDesigner\YD\Application\Runtime\Cache\Admin\761055de2f430bef08441163fbb8bda7.php 第 9 行.
INFO: Run Behavior\ParseTemplateBehavior [ RunTime:0.015485s ]
INFO: [ view_parse ] --END-- [ RunTime:0.015580s ]
INFO: [ view_filter ] --START--
INFO: Run Behavior\WriteHtmlCacheBehavior [ RunTime:0.000837s ]
INFO: [ view_filter ] --END-- [ RunTime:0.000925s ]
INFO: [ app_end ] --START--
INFO: Run Behavior\ShowPageTraceBehavior [ RunTime:0.001331s ]
INFO: [ app_end ] --END-- [ RunTime:0.001432s ]

[ 2016-01-28T19:07:06+08:00 ] ::1 /YD/index.php/Admin/Login/logout.html
INFO: [ app_init ] --START--
INFO: Run Behavior\BuildLiteBehavior [ RunTime:0.000033s ]
INFO: [ app_init ] --END-- [ RunTime:0.001271s ]
INFO: [ app_begin ] --START--
INFO: Run Behavior\ReadHtmlCacheBehavior [ RunTime:0.001319s ]
INFO: [ app_begin ] --END-- [ RunTime:0.001463s ]

[ 2016-01-28T19:07:06+08:00 ] ::1 /YD/index.php/Admin/Login/index.html
INFO: [ app_init ] --START--
INFO: Run Behavior\BuildLiteBehavior [ RunTime:0.000034s ]
INFO: [ app_init ] --END-- [ RunTime:0.001283s ]
INFO: [ app_begin ] --START--
INFO: Run Behavior\ReadHtmlCacheBehavior [ RunTime:0.001353s ]
INFO: [ app_begin ] --END-- [ RunTime:0.001481s ]
INFO: [ view_parse ] --START--
INFO: [ template_filter ] --START--
INFO: Run Behavior\ContentReplaceBehavior [ RunTime:0.000149s ]
INFO: [ template_filter ] --END-- [ RunTime:0.000292s ]
INFO: Run Behavior\ParseTemplateBehavior [ RunTime:0.013487s ]
INFO: [ view_parse ] --END-- [ RunTime:0.013612s ]
INFO: [ view_filter ] --START--
INFO: Run Behavior\WriteHtmlCacheBehavior [ RunTime:0.000815s ]
INFO: [ view_filter ] --END-- [ RunTime:0.000913s ]
INFO: [ app_end ] --START--
INFO: Run Behavior\ShowPageTraceBehavior [ RunTime:0.001383s ]
INFO: [ app_end ] --END-- [ RunTime:0.001497s ]

[ 2016-01-28T19:07:08+08:00 ] ::1 /YD/index.php/Admin/Article/edit/id/23?_=1453979222450
INFO: [ app_init ] --START--
INFO: Run Behavior\BuildLiteBehavior [ RunTime:0.000031s ]
INFO: [ app_init ] --END-- [ RunTime:0.001135s ]
INFO: [ app_begin ] --START--
INFO: Run Behavior\ReadHtmlCacheBehavior [ RunTime:0.001287s ]
INFO: [ app_begin ] --END-- [ RunTime:0.001409s ]

[ 2016-01-28T19:07:24+08:00 ] ::1 /YD/index.php/Admin/Article/remove/id/23
INFO: [ app_init ] --START--
INFO: Run Behavior\BuildLiteBehavior [ RunTime:0.000032s ]
INFO: [ app_init ] --END-- [ RunTime:0.001114s ]
INFO: [ app_begin ] --START--
INFO: Run Behavior\ReadHtmlCacheBehavior [ RunTime:0.001322s ]
INFO: [ app_begin ] --END-- [ RunTime:0.001482s ]

[ 2016-01-28T19:07:36+08:00 ] ::1 /YD/index.php/Admin/Login/login.html
INFO: [ app_init ] --START--
INFO: Run Behavior\BuildLiteBehavior [ RunTime:0.000029s ]
INFO: [ app_init ] --END-- [ RunTime:0.001126s ]
INFO: [ app_begin ] --START--
INFO: Run Behavior\ReadHtmlCacheBehavior [ RunTime:0.001326s ]
INFO: [ app_begin ] --END-- [ RunTime:0.001454s ]
SQL: SHOW COLUMNS FROM `yd_user` [ RunTime:0.0510s ]
SQL: SELECT * FROM `yd_user` WHERE ( username='admin' and password='gnh02n2leqiyp3Kus3SVaoZ6mGWve69u' )  [ RunTime:0.0506s ]
SQL: UPDATE `yd_user` SET `last_login_time`='1453979256' WHERE ( id='3' ) [ RunTime:0.0549s ]

[ 2016-01-28T19:07:37+08:00 ] ::1 /YD/index.php/Admin/Index/index.html
INFO: [ app_init ] --START--
INFO: Run Behavior\BuildLiteBehavior [ RunTime:0.000032s ]
INFO: [ app_init ] --END-- [ RunTime:0.001323s ]
INFO: [ app_begin ] --START--
INFO: Run Behavior\ReadHtmlCacheBehavior [ RunTime:0.001316s ]
INFO: [ app_begin ] --END-- [ RunTime:0.001446s ]
SQL: SHOW COLUMNS FROM `yd_article` [ RunTime:0.0504s ]
SQL: SELECT COUNT(*) AS tp_count FROM `yd_article` LIMIT 1   [ RunTime:0.0500s ]
SQL: SHOW COLUMNS FROM `yd_user` [ RunTime:0.0501s ]
SQL: SELECT COUNT(*) AS tp_count FROM `yd_user` LIMIT 1   [ RunTime:0.0499s ]
INFO: [ view_parse ] --START--
INFO: [ template_filter ] --START--
INFO: Run Behavior\ContentReplaceBehavior [ RunTime:0.000246s ]
INFO: [ template_filter ] --END-- [ RunTime:0.000359s ]
INFO: Run Behavior\ParseTemplateBehavior [ RunTime:0.017070s ]
INFO: [ view_parse ] --END-- [ RunTime:0.017188s ]
INFO: [ view_filter ] --START--
INFO: Run Behavior\WriteHtmlCacheBehavior [ RunTime:0.000812s ]
INFO: [ view_filter ] --END-- [ RunTime:0.000902s ]
INFO: [ app_end ] --START--
INFO: Run Behavior\ShowPageTraceBehavior [ RunTime:0.001283s ]
INFO: [ app_end ] --END-- [ RunTime:0.001385s ]

[ 2016-01-28T19:07:42+08:00 ] ::1 /YD/index.php/Admin/Article/remove/id/23
INFO: [ app_init ] --START--
INFO: Run Behavior\BuildLiteBehavior [ RunTime:0.000032s ]
INFO: [ app_init ] --END-- [ RunTime:0.001175s ]
INFO: [ app_begin ] --START--
INFO: Run Behavior\ReadHtmlCacheBehavior [ RunTime:0.001317s ]
INFO: [ app_begin ] --END-- [ RunTime:0.001463s ]
SQL: SHOW COLUMNS FROM `yd_article` [ RunTime:0.0514s ]
SQL: SELECT * FROM `yd_article` WHERE ( id='23' and user_id='3' )  [ RunTime:0.0511s ]
SQL: DELETE FROM `yd_article` WHERE ( id='23' ) [ RunTime:0.0767s ]

[ 2016-01-28T19:07:42+08:00 ] ::1 /YD/index.php/Admin/Article/index.html?pageNum=1&numPerPage=100&keyword=&_=1453979262232
INFO: [ app_init ] --START--
INFO: Run Behavior\BuildLiteBehavior [ RunTime:0.000032s ]
INFO: [ app_init ] --END-- [ RunTime:0.001140s ]
INFO: [ app_begin ] --START--
INFO: Run Behavior\ReadHtmlCacheBehavior [ RunTime:0.001646s ]
INFO: [ app_begin ] --END-- [ RunTime:0.001784s ]
SQL: SHOW COLUMNS FROM `yd_article` [ RunTime:0.0504s ]
SQL: SELECT COUNT(*) AS tp_count FROM `yd_article` WHERE `title` LIKE '%%' AND `user_id` = '3' LIMIT 1   [ RunTime:0.0493s ]
SQL: SELECT yd_article.id,yd_column.name category,yd_article.title,yd_user.name user_name,yd_article.time,yd_article.comment FROM `yd_article` left join yd_user on yd_user.id=yd_article.user_id left join yd_column on yd_column.id=yd_article.column_id  WHERE `title` LIKE '%%' AND `user_id` = '3' ORDER BY yd_article.id desc LIMIT 0,100   [ RunTime:0.0497s ]
INFO: [ view_parse ] --START--
INFO: [ template_filter ] --START--
INFO: Run Behavior\ContentReplaceBehavior [ RunTime:0.000148s ]
INFO: [ template_filter ] --END-- [ RunTime:0.000255s ]
INFO: Run Behavior\ParseTemplateBehavior [ RunTime:0.018157s ]
INFO: [ view_parse ] --END-- [ RunTime:0.018274s ]
INFO: [ view_filter ] --START--
INFO: Run Behavior\WriteHtmlCacheBehavior [ RunTime:0.000852s ]
INFO: [ view_filter ] --END-- [ RunTime:0.000945s ]
INFO: [ app_end ] --START--
INFO: Run Behavior\ShowPageTraceBehavior [ RunTime:0.001369s ]
INFO: [ app_end ] --END-- [ RunTime:0.001467s ]

[ 2016-01-28T19:11:30+08:00 ] ::1 /YD/index.php/Admin/Index/index.html
INFO: [ app_init ] --START--
INFO: Run Behavior\BuildLiteBehavior [ RunTime:0.000032s ]
INFO: [ app_init ] --END-- [ RunTime:0.001254s ]
INFO: [ app_begin ] --START--
INFO: Run Behavior\ReadHtmlCacheBehavior [ RunTime:0.001357s ]
INFO: [ app_begin ] --END-- [ RunTime:0.001490s ]
SQL: SHOW COLUMNS FROM `yd_article` [ RunTime:0.0508s ]
SQL: SELECT COUNT(*) AS tp_count FROM `yd_article` LIMIT 1   [ RunTime:0.0499s ]
SQL: SHOW COLUMNS FROM `yd_user` [ RunTime:0.0503s ]
SQL: SELECT COUNT(*) AS tp_count FROM `yd_user` LIMIT 1   [ RunTime:0.0499s ]
INFO: [ view_parse ] --START--
INFO: [ template_filter ] --START--
INFO: Run Behavior\ContentReplaceBehavior [ RunTime:0.000247s ]
INFO: [ template_filter ] --END-- [ RunTime:0.000358s ]
INFO: Run Behavior\ParseTemplateBehavior [ RunTime:0.018979s ]
INFO: [ view_parse ] --END-- [ RunTime:0.019098s ]
INFO: [ view_filter ] --START--
INFO: Run Behavior\WriteHtmlCacheBehavior [ RunTime:0.000963s ]
INFO: [ view_filter ] --END-- [ RunTime:0.001061s ]
INFO: [ app_end ] --START--
INFO: Run Behavior\ShowPageTraceBehavior [ RunTime:0.001445s ]
INFO: [ app_end ] --END-- [ RunTime:0.001548s ]

[ 2016-01-28T19:11:33+08:00 ] ::1 /YD/index.php/Admin/Article/index.html?_=1453979492787
INFO: [ app_init ] --START--
INFO: Run Behavior\BuildLiteBehavior [ RunTime:0.000032s ]
INFO: [ app_init ] --END-- [ RunTime:0.001135s ]
INFO: [ app_begin ] --START--
INFO: Run Behavior\ReadHtmlCacheBehavior [ RunTime:0.001358s ]
INFO: [ app_begin ] --END-- [ RunTime:0.001480s ]
SQL: SHOW COLUMNS FROM `yd_article` [ RunTime:0.0505s ]
SQL: SELECT COUNT(*) AS tp_count FROM `yd_article` WHERE `title` LIKE '%%' AND `user_id` = '3' LIMIT 1   [ RunTime:0.0497s ]
SQL: SELECT yd_article.id,yd_column.name category,yd_article.title,yd_user.name user_name,yd_article.time,yd_article.comment FROM `yd_article` left join yd_user on yd_user.id=yd_article.user_id left join yd_column on yd_column.id=yd_article.column_id  WHERE `title` LIKE '%%' AND `user_id` = '3' ORDER BY yd_article.id desc LIMIT 0,100   [ RunTime:0.0498s ]
INFO: [ view_parse ] --START--
INFO: [ template_filter ] --START--
INFO: Run Behavior\ContentReplaceBehavior [ RunTime:0.000145s ]
INFO: [ template_filter ] --END-- [ RunTime:0.000244s ]
INFO: Run Behavior\ParseTemplateBehavior [ RunTime:0.017944s ]
INFO: [ view_parse ] --END-- [ RunTime:0.018085s ]
INFO: [ view_filter ] --START--
INFO: Run Behavior\WriteHtmlCacheBehavior [ RunTime:0.000900s ]
INFO: [ view_filter ] --END-- [ RunTime:0.000993s ]
INFO: [ app_end ] --START--
INFO: Run Behavior\ShowPageTraceBehavior [ RunTime:0.001322s ]
INFO: [ app_end ] --END-- [ RunTime:0.001419s ]

[ 2016-01-28T19:11:45+08:00 ] ::1 /YD/index.php/Admin/Article/index.html?_=1453979505477
INFO: [ app_init ] --START--
INFO: Run Behavior\BuildLiteBehavior [ RunTime:0.000031s ]
INFO: [ app_init ] --END-- [ RunTime:0.001091s ]
INFO: [ app_begin ] --START--
INFO: Run Behavior\ReadHtmlCacheBehavior [ RunTime:0.001316s ]
INFO: [ app_begin ] --END-- [ RunTime:0.001436s ]
SQL: SHOW COLUMNS FROM `yd_article` [ RunTime:0.0512s ]
SQL: SELECT COUNT(*) AS tp_count FROM `yd_article` WHERE `title` LIKE '%%' AND `user_id` = '3' LIMIT 1   [ RunTime:0.0506s ]
SQL: SELECT yd_article.id,yd_column.name category,yd_article.title,yd_user.name user_name,yd_article.time,yd_article.comment FROM `yd_article` left join yd_user on yd_user.id=yd_article.user_id left join yd_column on yd_column.id=yd_article.column_id  WHERE `title` LIKE '%%' AND `user_id` = '3' ORDER BY yd_article.id desc LIMIT 0,100   [ RunTime:0.0512s ]
INFO: [ view_parse ] --START--
INFO: [ template_filter ] --START--
INFO: Run Behavior\ContentReplaceBehavior [ RunTime:0.000150s ]
INFO: [ template_filter ] --END-- [ RunTime:0.000249s ]
INFO: Run Behavior\ParseTemplateBehavior [ RunTime:0.017335s ]
INFO: [ view_parse ] --END-- [ RunTime:0.017447s ]
INFO: [ view_filter ] --START--
INFO: Run Behavior\WriteHtmlCacheBehavior [ RunTime:0.000868s ]
INFO: [ view_filter ] --END-- [ RunTime:0.000965s ]
INFO: [ app_end ] --START--
INFO: Run Behavior\ShowPageTraceBehavior [ RunTime:0.001324s ]
INFO: [ app_end ] --END-- [ RunTime:0.001426s ]

[ 2016-01-28T19:11:50+08:00 ] ::1 /YD/index.php/Admin/Login/logout.html
INFO: [ app_init ] --START--
INFO: Run Behavior\BuildLiteBehavior [ RunTime:0.000031s ]
INFO: [ app_init ] --END-- [ RunTime:0.001131s ]
INFO: [ app_begin ] --START--
INFO: Run Behavior\ReadHtmlCacheBehavior [ RunTime:0.001339s ]
INFO: [ app_begin ] --END-- [ RunTime:0.001470s ]

[ 2016-01-28T19:11:50+08:00 ] ::1 /YD/index.php/Admin/Login/index.html
INFO: [ app_init ] --START--
INFO: Run Behavior\BuildLiteBehavior [ RunTime:0.000031s ]
INFO: [ app_init ] --END-- [ RunTime:0.001143s ]
INFO: [ app_begin ] --START--
INFO: Run Behavior\ReadHtmlCacheBehavior [ RunTime:0.001334s ]
INFO: [ app_begin ] --END-- [ RunTime:0.001465s ]
INFO: [ view_parse ] --START--
INFO: [ template_filter ] --START--
INFO: Run Behavior\ContentReplaceBehavior [ RunTime:0.000153s ]
INFO: [ template_filter ] --END-- [ RunTime:0.000277s ]
INFO: Run Behavior\ParseTemplateBehavior [ RunTime:0.013939s ]
INFO: [ view_parse ] --END-- [ RunTime:0.014070s ]
INFO: [ view_filter ] --START--
INFO: Run Behavior\WriteHtmlCacheBehavior [ RunTime:0.000829s ]
INFO: [ view_filter ] --END-- [ RunTime:0.000930s ]
INFO: [ app_end ] --START--
INFO: Run Behavior\ShowPageTraceBehavior [ RunTime:0.001378s ]
INFO: [ app_end ] --END-- [ RunTime:0.001486s ]

[ 2016-01-28T19:11:58+08:00 ] ::1 /YD/index.php/Admin/Article/index.html?_=1453979517974
INFO: [ app_init ] --START--
INFO: Run Behavior\BuildLiteBehavior [ RunTime:0.000031s ]
INFO: [ app_init ] --END-- [ RunTime:0.001156s ]
INFO: [ app_begin ] --START--
INFO: Run Behavior\ReadHtmlCacheBehavior [ RunTime:0.001349s ]
INFO: [ app_begin ] --END-- [ RunTime:0.001466s ]

